TpTrace Verbose: 0 : 13652, 1, 2023/11/16, 08:21:26.442, 30132145250, vstest.console.dll, Version: 17.7.2-release-23423-01 Current process architecture: X64
TpTrace Verbose: 0 : 13652, 1, 2023/11/16, 08:21:26.445, 30132180982, vstest.console.dll, Runtime location: C:\Program Files\dotnet\shared\Microsoft.NETCore.App\7.0.14
TpTrace Verbose: 0 : 13652, 1, 2023/11/16, 08:21:26.451, 30132233953, vstest.console.dll, ArtifactProcessingPostProcessModeProcessorExecutor.Initialize: ArtifactProcessingMode.Collect
TpTrace Verbose: 0 : 13652, 1, 2023/11/16, 08:21:26.451, 30132236653, vstest.console.dll, TestSessionCorrelationIdProcessorModeProcessorExecutor.Initialize: TestSessionCorrelationId '9504_e7dde272-4fbc-4395-ad7d-197439892357'
TpTrace Information: 0 : 13652, 1, 2023/11/16, 08:21:26.468, 30132407346, vstest.console.dll, FilePatternParser: The given file C:\Development\Interview\KrowGala\UnitTests\bin\Debug\fine-code-coverage-net6.0\UnitTests.dll is a full path.
TpTrace Verbose: 0 : 13652, 1, 2023/11/16, 08:21:26.483, 30132552640, vstest.console.dll, TestPluginCache.DiscoverTestExtensions: finding test extensions in assemblies ends with: RuntimeProvider.dll TPluginInfo: Microsoft.VisualStudio.TestPlatform.Common.ExtensionFramework.Utilities.TestRuntimePluginInformation TExtension: Microsoft.VisualStudio.TestPlatform.ObjectModel.Host.ITestRuntimeProvider
TpTrace Verbose: 0 : 13652, 1, 2023/11/16, 08:21:26.484, 30132562239, vstest.console.dll, TestPluginCache.GetExtensionPaths: Filtered extension paths: 
TpTrace Verbose: 0 : 13652, 1, 2023/11/16, 08:21:26.484, 30132566141, vstest.console.dll, TestPluginCache.GetExtensionPaths: Added default extension paths: C:\Program Files\dotnet\sdk\7.0.404\Extensions\Microsoft.Diagnostics.NETCore.Client.dll
C:\Program Files\dotnet\sdk\7.0.404\Extensions\Microsoft.TestPlatform.Extensions.BlameDataCollector.dll
C:\Program Files\dotnet\sdk\7.0.404\Extensions\Microsoft.TestPlatform.Extensions.EventLogCollector.dll
C:\Program Files\dotnet\sdk\7.0.404\Extensions\Microsoft.TestPlatform.TestHostRuntimeProvider.dll
C:\Program Files\dotnet\sdk\7.0.404\Extensions\Microsoft.VisualStudio.TestPlatform.Extensions.Html.TestLogger.dll
C:\Program Files\dotnet\sdk\7.0.404\Extensions\Microsoft.VisualStudio.TestPlatform.Extensions.Trx.TestLogger.dll
TpTrace Verbose: 0 : 13652, 1, 2023/11/16, 08:21:26.484, 30132567753, vstest.console.dll, TestPluginCache.GetExtensionPaths: Added unfilterableExtensionPaths: 
TpTrace Information: 0 : 13652, 1, 2023/11/16, 08:21:26.486, 30132586384, vstest.console.dll, AssemblyResolver.ctor: Creating AssemblyResolver with searchDirectories C:\Program Files\dotnet\sdk\7.0.404\Extensions,C:\Program Files\dotnet\sdk\7.0.404
TpTrace Verbose: 0 : 13652, 1, 2023/11/16, 08:21:26.488, 30132609070, vstest.console.dll, TestPluginCache.DiscoverTestExtensions: Discovering the extensions using extension path.
TpTrace Verbose: 0 : 13652, 1, 2023/11/16, 08:21:26.489, 30132612101, vstest.console.dll, TestPluginCache.GetExtensionPaths: Filtered extension paths: 
TpTrace Verbose: 0 : 13652, 1, 2023/11/16, 08:21:26.489, 30132612939, vstest.console.dll, TestPluginCache.GetExtensionPaths: Added default extension paths: C:\Program Files\dotnet\sdk\7.0.404\Extensions\Microsoft.Diagnostics.NETCore.Client.dll
C:\Program Files\dotnet\sdk\7.0.404\Extensions\Microsoft.TestPlatform.Extensions.BlameDataCollector.dll
C:\Program Files\dotnet\sdk\7.0.404\Extensions\Microsoft.TestPlatform.Extensions.EventLogCollector.dll
C:\Program Files\dotnet\sdk\7.0.404\Extensions\Microsoft.TestPlatform.TestHostRuntimeProvider.dll
C:\Program Files\dotnet\sdk\7.0.404\Extensions\Microsoft.VisualStudio.TestPlatform.Extensions.Html.TestLogger.dll
C:\Program Files\dotnet\sdk\7.0.404\Extensions\Microsoft.VisualStudio.TestPlatform.Extensions.Trx.TestLogger.dll
TpTrace Verbose: 0 : 13652, 1, 2023/11/16, 08:21:26.489, 30132613826, vstest.console.dll, TestPluginCache.GetExtensionPaths: Added unfilterableExtensionPaths: 
TpTrace Verbose: 0 : 13652, 1, 2023/11/16, 08:21:26.489, 30132615912, vstest.console.dll, TestPluginCache.DiscoverTestExtensions: Discovering the extensions using allExtensionPaths: C:\Program Files\dotnet\sdk\7.0.404\Extensions\Microsoft.Diagnostics.NETCore.Client.dll
C:\Program Files\dotnet\sdk\7.0.404\Extensions\Microsoft.TestPlatform.Extensions.BlameDataCollector.dll
C:\Program Files\dotnet\sdk\7.0.404\Extensions\Microsoft.TestPlatform.Extensions.EventLogCollector.dll
C:\Program Files\dotnet\sdk\7.0.404\Extensions\Microsoft.TestPlatform.TestHostRuntimeProvider.dll
C:\Program Files\dotnet\sdk\7.0.404\Extensions\Microsoft.VisualStudio.TestPlatform.Extensions.Html.TestLogger.dll
C:\Program Files\dotnet\sdk\7.0.404\Extensions\Microsoft.VisualStudio.TestPlatform.Extensions.Trx.TestLogger.dll
TpTrace Information: 0 : 13652, 1, 2023/11/16, 08:21:26.489, 30132620014, vstest.console.dll, AssemblyResolver.AddSearchDirectories: Adding more searchDirectories C:\Program Files\dotnet\sdk\7.0.404\Extensions,C:\Program Files\dotnet\sdk\7.0.404
TpTrace Information: 0 : 13652, 1, 2023/11/16, 08:21:26.490, 30132622379, vstest.console.dll, AssemblyResolver.AddSearchDirectories: Adding more searchDirectories C:\Program Files\dotnet\sdk\7.0.404\Extensions,C:\Program Files\dotnet\sdk\7.0.404
TpTrace Information: 0 : 13652, 1, 2023/11/16, 08:21:26.490, 30132623778, vstest.console.dll, AssemblyResolver.AddSearchDirectories: Adding more searchDirectories C:\Program Files\dotnet\sdk\7.0.404\Extensions,C:\Program Files\dotnet\sdk\7.0.404
TpTrace Information: 0 : 13652, 1, 2023/11/16, 08:21:26.490, 30132624771, vstest.console.dll, AssemblyResolver.AddSearchDirectories: Adding more searchDirectories C:\Program Files\dotnet\sdk\7.0.404\Extensions,C:\Program Files\dotnet\sdk\7.0.404
TpTrace Information: 0 : 13652, 1, 2023/11/16, 08:21:26.490, 30132625700, vstest.console.dll, AssemblyResolver.AddSearchDirectories: Adding more searchDirectories C:\Program Files\dotnet\sdk\7.0.404\Extensions,C:\Program Files\dotnet\sdk\7.0.404
TpTrace Information: 0 : 13652, 1, 2023/11/16, 08:21:26.490, 30132626620, vstest.console.dll, AssemblyResolver.AddSearchDirectories: Adding more searchDirectories C:\Program Files\dotnet\sdk\7.0.404\Extensions,C:\Program Files\dotnet\sdk\7.0.404
TpTrace Information: 0 : 13652, 1, 2023/11/16, 08:21:26.491, 30132635620, vstest.console.dll, AssemblyResolver.OnResolve: Microsoft.Diagnostics.NETCore.Client: Resolving assembly.
TpTrace Information: 0 : 13652, 1, 2023/11/16, 08:21:26.491, 30132637161, vstest.console.dll, AssemblyResolver.OnResolve: Microsoft.Diagnostics.NETCore.Client: Searching in: 'C:\Program Files\dotnet\sdk\7.0.404\Extensions'.
TpTrace Information: 0 : 13652, 1, 2023/11/16, 08:21:26.505, 30132773277, vstest.console.dll, AssemblyResolver.OnResolve: Microsoft.Diagnostics.NETCore.Client: Loading assembly 'C:\Program Files\dotnet\sdk\7.0.404\Extensions\Microsoft.Diagnostics.NETCore.Client.dll'.
TpTrace Information: 0 : 13652, 1, 2023/11/16, 08:21:26.506, 30132783319, vstest.console.dll, AssemblyResolver.OnResolve: Resolved assembly: Microsoft.Diagnostics.NETCore.Client, from path: C:\Program Files\dotnet\sdk\7.0.404\Extensions\Microsoft.Diagnostics.NETCore.Client.dll
TpTrace Verbose: 0 : 13652, 1, 2023/11/16, 08:21:26.508, 30132808018, vstest.console.dll, MetadataReaderExtensionsHelper: Discovering extensions inside assembly 'Microsoft.Diagnostics.NETCore.Client, Version=0.2.8.21101, Culture=neutral, PublicKeyToken=31bf3856ad364e35' file path 'C:\Program Files\dotnet\sdk\7.0.404\Extensions\Microsoft.Diagnostics.NETCore.Client.dll'
TpTrace Information: 0 : 13652, 1, 2023/11/16, 08:21:26.516, 30132884024, vstest.console.dll, AssemblyResolver.OnResolve: Microsoft.Bcl.AsyncInterfaces: Resolving assembly.
TpTrace Information: 0 : 13652, 1, 2023/11/16, 08:21:26.516, 30132886090, vstest.console.dll, AssemblyResolver.OnResolve: Microsoft.Bcl.AsyncInterfaces: Searching in: 'C:\Program Files\dotnet\sdk\7.0.404\Extensions'.
TpTrace Information: 0 : 13652, 1, 2023/11/16, 08:21:26.516, 30132888719, vstest.console.dll, AssemblyResolver.OnResolve: Microsoft.Bcl.AsyncInterfaces: Assembly path does not exist: 'C:\Program Files\dotnet\sdk\7.0.404\Extensions\Microsoft.Bcl.AsyncInterfaces.dll', returning.
TpTrace Information: 0 : 13652, 1, 2023/11/16, 08:21:26.517, 30132891644, vstest.console.dll, AssemblyResolver.OnResolve: Microsoft.Bcl.AsyncInterfaces: Assembly path does not exist: 'C:\Program Files\dotnet\sdk\7.0.404\Extensions\Microsoft.Bcl.AsyncInterfaces.exe', returning.
TpTrace Information: 0 : 13652, 1, 2023/11/16, 08:21:26.517, 30132892487, vstest.console.dll, AssemblyResolver.OnResolve: Microsoft.Bcl.AsyncInterfaces: Searching in: 'C:\Program Files\dotnet\sdk\7.0.404'.
TpTrace Information: 0 : 13652, 1, 2023/11/16, 08:21:26.517, 30132894008, vstest.console.dll, AssemblyResolver.OnResolve: Microsoft.Bcl.AsyncInterfaces: Assembly path does not exist: 'C:\Program Files\dotnet\sdk\7.0.404\Microsoft.Bcl.AsyncInterfaces.dll', returning.
TpTrace Information: 0 : 13652, 1, 2023/11/16, 08:21:26.517, 30132895316, vstest.console.dll, AssemblyResolver.OnResolve: Microsoft.Bcl.AsyncInterfaces: Assembly path does not exist: 'C:\Program Files\dotnet\sdk\7.0.404\Microsoft.Bcl.AsyncInterfaces.exe', returning.
TpTrace Information: 0 : 13652, 1, 2023/11/16, 08:21:26.517, 30132895943, vstest.console.dll, AssemblyResolver.OnResolve: Microsoft.Bcl.AsyncInterfaces: Failed to load assembly.
TpTrace Verbose: 0 : 13652, 1, 2023/11/16, 08:21:26.517, 30132896733, vstest.console.dll, CurrentDomainAssemblyResolve: Resolving assembly 'Microsoft.Bcl.AsyncInterfaces'.
TpTrace Information: 0 : 13652, 1, 2023/11/16, 08:21:26.517, 30132898029, vstest.console.dll, AssemblyResolver.OnResolve: Microsoft.Bcl.AsyncInterfaces: Resolving assembly.
TpTrace Information: 0 : 13652, 1, 2023/11/16, 08:21:26.517, 30132898972, vstest.console.dll, AssemblyResolver.OnResolve: Microsoft.Bcl.AsyncInterfaces: Resolved from cache.
TpTrace Verbose: 0 : 13652, 1, 2023/11/16, 08:21:26.517, 30132899571, vstest.console.dll, CurrentDomainAssemblyResolve: Resolving assembly 'Microsoft.Bcl.AsyncInterfaces'.
TpTrace Verbose: 0 : 13652, 1, 2023/11/16, 08:21:26.517, 30132900499, vstest.console.dll, CurrentDomainAssemblyResolve: Failed to resolve assembly 'Microsoft.Bcl.AsyncInterfaces'.
TpTrace Verbose: 0 : 13652, 1, 2023/11/16, 08:21:26.519, 30132921097, vstest.console.dll, CurrentDomainAssemblyResolve: Failed to resolve assembly 'Microsoft.Bcl.AsyncInterfaces'.
TpTrace Warning: 0 : 13652, 1, 2023/11/16, 08:21:26.543, 30133156160, vstest.console.dll, TestPluginDiscoverer: Failed to get types from assembly 'Microsoft.Diagnostics.NETCore.Client, Version=0.2.8.21101, Culture=neutral, PublicKeyToken=31bf3856ad364e35'. Error: System.Reflection.ReflectionTypeLoadException: Unable to load one or more of the requested types.
Could not load file or assembly 'Microsoft.Bcl.AsyncInterfaces, Version=1.0.0.0, Culture=neutral, PublicKeyToken=cc7b13ffcd2ddd51'. The system cannot find the file specified.
   at System.Reflection.RuntimeModule.GetTypes(RuntimeModule module)
   at System.Reflection.Assembly.GetTypes()
   at Microsoft.VisualStudio.TestPlatform.Common.ExtensionFramework.TestPluginDiscoverer.GetTestExtensionsFromAssembly[TPluginInfo,TExtension](Assembly assembly, Dictionary`2 pluginInfos, String filePath) in /_/src/Microsoft.TestPlatform.Common/ExtensionFramework/TestPluginDiscoverer.cs:line 158
System.IO.FileNotFoundException: Could not load file or assembly 'Microsoft.Bcl.AsyncInterfaces, Version=1.0.0.0, Culture=neutral, PublicKeyToken=cc7b13ffcd2ddd51'. The system cannot find the file specified.
File name: 'Microsoft.Bcl.AsyncInterfaces, Version=1.0.0.0, Culture=neutral, PublicKeyToken=cc7b13ffcd2ddd51'
 ---> System.IO.FileNotFoundException: Could not load file or assembly 'Microsoft.Bcl.AsyncInterfaces, Culture=neutral, PublicKeyToken=null'. The system cannot find the file specified.
File name: 'Microsoft.Bcl.AsyncInterfaces, Culture=neutral, PublicKeyToken=null'
   at System.Reflection.RuntimeAssembly.InternalLoad(AssemblyName assemblyName, StackCrawlMark& stackMark, AssemblyLoadContext assemblyLoadContext, RuntimeAssembly requestingAssembly, Boolean throwOnFileNotFound)
   at System.Reflection.Assembly.Load(AssemblyName assemblyRef)
   at Microsoft.VisualStudio.TestPlatform.Common.ExtensionFramework.TestPluginCache.CurrentDomainAssemblyResolve(Object sender, AssemblyResolveEventArgs args) in /_/src/Microsoft.TestPlatform.Common/ExtensionFramework/TestPluginCache.cs:line 513
   at System.Runtime.Loader.AssemblyLoadContext.GetFirstResolvedAssemblyFromResolvingEvent(AssemblyName assemblyName)
   at System.Runtime.Loader.AssemblyLoadContext.ResolveUsingEvent(AssemblyName assemblyName)
   at System.Runtime.Loader.AssemblyLoadContext.ResolveUsingResolvingEvent(IntPtr gchManagedAssemblyLoadContext, AssemblyName assemblyName)
TpTrace Warning: 0 : 13652, 1, 2023/11/16, 08:21:26.544, 30133166742, vstest.console.dll, LoaderExceptions: System.IO.FileNotFoundException: Could not load file or assembly 'Microsoft.Bcl.AsyncInterfaces, Version=1.0.0.0, Culture=neutral, PublicKeyToken=cc7b13ffcd2ddd51'. The system cannot find the file specified.
File name: 'Microsoft.Bcl.AsyncInterfaces, Version=1.0.0.0, Culture=neutral, PublicKeyToken=cc7b13ffcd2ddd51'
 ---> System.IO.FileNotFoundException: Could not load file or assembly 'Microsoft.Bcl.AsyncInterfaces, Culture=neutral, PublicKeyToken=null'. The system cannot find the file specified.
File name: 'Microsoft.Bcl.AsyncInterfaces, Culture=neutral, PublicKeyToken=null'
   at System.Reflection.RuntimeAssembly.InternalLoad(AssemblyName assemblyName, StackCrawlMark& stackMark, AssemblyLoadContext assemblyLoadContext, RuntimeAssembly requestingAssembly, Boolean throwOnFileNotFound)
   at System.Reflection.Assembly.Load(AssemblyName assemblyRef)
   at Microsoft.VisualStudio.TestPlatform.Common.ExtensionFramework.TestPluginCache.CurrentDomainAssemblyResolve(Object sender, AssemblyResolveEventArgs args) in /_/src/Microsoft.TestPlatform.Common/ExtensionFramework/TestPluginCache.cs:line 513
   at System.Runtime.Loader.AssemblyLoadContext.GetFirstResolvedAssemblyFromResolvingEvent(AssemblyName assemblyName)
   at System.Runtime.Loader.AssemblyLoadContext.ResolveUsingEvent(AssemblyName assemblyName)
   at System.Runtime.Loader.AssemblyLoadContext.ResolveUsingResolvingEvent(IntPtr gchManagedAssemblyLoadContext, AssemblyName assemblyName)
TpTrace Information: 0 : 13652, 1, 2023/11/16, 08:21:26.544, 30133170520, vstest.console.dll, AssemblyResolver.OnResolve: Microsoft.TestPlatform.Extensions.BlameDataCollector: Resolving assembly.
TpTrace Information: 0 : 13652, 1, 2023/11/16, 08:21:26.545, 30133171667, vstest.console.dll, AssemblyResolver.OnResolve: Microsoft.TestPlatform.Extensions.BlameDataCollector: Searching in: 'C:\Program Files\dotnet\sdk\7.0.404\Extensions'.
TpTrace Information: 0 : 13652, 1, 2023/11/16, 08:21:26.545, 30133179394, vstest.console.dll, AssemblyResolver.OnResolve: Microsoft.TestPlatform.Extensions.BlameDataCollector: Loading assembly 'C:\Program Files\dotnet\sdk\7.0.404\Extensions\Microsoft.TestPlatform.Extensions.BlameDataCollector.dll'.
TpTrace Information: 0 : 13652, 1, 2023/11/16, 08:21:26.546, 30133189449, vstest.console.dll, AssemblyResolver.OnResolve: Resolved assembly: Microsoft.TestPlatform.Extensions.BlameDataCollector, from path: C:\Program Files\dotnet\sdk\7.0.404\Extensions\Microsoft.TestPlatform.Extensions.BlameDataCollector.dll
TpTrace Verbose: 0 : 13652, 1, 2023/11/16, 08:21:26.547, 30133191909, vstest.console.dll, MetadataReaderExtensionsHelper: Discovering extensions inside assembly 'Microsoft.TestPlatform.Extensions.BlameDataCollector, Version=15.0.0.0, Culture=neutral, PublicKeyToken=b03f5f7f11d50a3a' file path 'C:\Program Files\dotnet\sdk\7.0.404\Extensions\Microsoft.TestPlatform.Extensions.BlameDataCollector.dll'
TpTrace Information: 0 : 13652, 1, 2023/11/16, 08:21:26.550, 30133228579, vstest.console.dll, AssemblyResolver.OnResolve: Microsoft.TestPlatform.Extensions.EventLogCollector: Resolving assembly.
TpTrace Information: 0 : 13652, 1, 2023/11/16, 08:21:26.550, 30133230589, vstest.console.dll, AssemblyResolver.OnResolve: Microsoft.TestPlatform.Extensions.EventLogCollector: Searching in: 'C:\Program Files\dotnet\sdk\7.0.404\Extensions'.
TpTrace Information: 0 : 13652, 1, 2023/11/16, 08:21:26.552, 30133242026, vstest.console.dll, AssemblyResolver.OnResolve: Microsoft.TestPlatform.Extensions.EventLogCollector: Loading assembly 'C:\Program Files\dotnet\sdk\7.0.404\Extensions\Microsoft.TestPlatform.Extensions.EventLogCollector.dll'.
TpTrace Information: 0 : 13652, 1, 2023/11/16, 08:21:26.553, 30133251347, vstest.console.dll, AssemblyResolver.OnResolve: Resolved assembly: Microsoft.TestPlatform.Extensions.EventLogCollector, from path: C:\Program Files\dotnet\sdk\7.0.404\Extensions\Microsoft.TestPlatform.Extensions.EventLogCollector.dll
TpTrace Verbose: 0 : 13652, 1, 2023/11/16, 08:21:26.553, 30133252784, vstest.console.dll, MetadataReaderExtensionsHelper: Discovering extensions inside assembly 'Microsoft.TestPlatform.Extensions.EventLogCollector, Version=15.0.0.0, Culture=neutral, PublicKeyToken=b03f5f7f11d50a3a' file path 'C:\Program Files\dotnet\sdk\7.0.404\Extensions\Microsoft.TestPlatform.Extensions.EventLogCollector.dll'
TpTrace Information: 0 : 13652, 1, 2023/11/16, 08:21:26.557, 30133298258, vstest.console.dll, AssemblyResolver.OnResolve: Microsoft.TestPlatform.TestHostRuntimeProvider: Resolving assembly.
TpTrace Information: 0 : 13652, 1, 2023/11/16, 08:21:26.557, 30133299844, vstest.console.dll, AssemblyResolver.OnResolve: Microsoft.TestPlatform.TestHostRuntimeProvider: Searching in: 'C:\Program Files\dotnet\sdk\7.0.404\Extensions'.
TpTrace Information: 0 : 13652, 1, 2023/11/16, 08:21:26.558, 30133304557, vstest.console.dll, AssemblyResolver.OnResolve: Microsoft.TestPlatform.TestHostRuntimeProvider: Loading assembly 'C:\Program Files\dotnet\sdk\7.0.404\Extensions\Microsoft.TestPlatform.TestHostRuntimeProvider.dll'.
TpTrace Information: 0 : 13652, 1, 2023/11/16, 08:21:26.559, 30133311269, vstest.console.dll, AssemblyResolver.OnResolve: Resolved assembly: Microsoft.TestPlatform.TestHostRuntimeProvider, from path: C:\Program Files\dotnet\sdk\7.0.404\Extensions\Microsoft.TestPlatform.TestHostRuntimeProvider.dll
TpTrace Verbose: 0 : 13652, 1, 2023/11/16, 08:21:26.559, 30133313003, vstest.console.dll, MetadataReaderExtensionsHelper: Discovering extensions inside assembly 'Microsoft.TestPlatform.TestHostRuntimeProvider, Version=15.0.0.0, Culture=neutral, PublicKeyToken=b03f5f7f11d50a3a' file path 'C:\Program Files\dotnet\sdk\7.0.404\Extensions\Microsoft.TestPlatform.TestHostRuntimeProvider.dll'
TpTrace Information: 0 : 13652, 1, 2023/11/16, 08:21:26.562, 30133345613, vstest.console.dll, GetTestExtensionFromType: Register extension with identifier data 'HostProvider://DefaultTestHost' and type 'Microsoft.VisualStudio.TestPlatform.CrossPlatEngine.Hosting.DefaultTestHostManager, Microsoft.TestPlatform.TestHostRuntimeProvider, Version=15.0.0.0, Culture=neutral, PublicKeyToken=b03f5f7f11d50a3a' inside file 'C:\Program Files\dotnet\sdk\7.0.404\Extensions\Microsoft.TestPlatform.TestHostRuntimeProvider.dll'
TpTrace Information: 0 : 13652, 1, 2023/11/16, 08:21:26.562, 30133351118, vstest.console.dll, GetTestExtensionFromType: Register extension with identifier data 'HostProvider://DotnetTestHost' and type 'Microsoft.VisualStudio.TestPlatform.CrossPlatEngine.Hosting.DotnetTestHostManager, Microsoft.TestPlatform.TestHostRuntimeProvider, Version=15.0.0.0, Culture=neutral, PublicKeyToken=b03f5f7f11d50a3a' inside file 'C:\Program Files\dotnet\sdk\7.0.404\Extensions\Microsoft.TestPlatform.TestHostRuntimeProvider.dll'
TpTrace Information: 0 : 13652, 1, 2023/11/16, 08:21:26.563, 30133352788, vstest.console.dll, AssemblyResolver.OnResolve: Microsoft.VisualStudio.TestPlatform.Extensions.Html.TestLogger: Resolving assembly.
TpTrace Information: 0 : 13652, 1, 2023/11/16, 08:21:26.563, 30133353513, vstest.console.dll, AssemblyResolver.OnResolve: Microsoft.VisualStudio.TestPlatform.Extensions.Html.TestLogger: Searching in: 'C:\Program Files\dotnet\sdk\7.0.404\Extensions'.
TpTrace Information: 0 : 13652, 1, 2023/11/16, 08:21:26.563, 30133358337, vstest.console.dll, AssemblyResolver.OnResolve: Microsoft.VisualStudio.TestPlatform.Extensions.Html.TestLogger: Loading assembly 'C:\Program Files\dotnet\sdk\7.0.404\Extensions\Microsoft.VisualStudio.TestPlatform.Extensions.Html.TestLogger.dll'.
TpTrace Information: 0 : 13652, 1, 2023/11/16, 08:21:26.564, 30133368504, vstest.console.dll, AssemblyResolver.OnResolve: Resolved assembly: Microsoft.VisualStudio.TestPlatform.Extensions.Html.TestLogger, from path: C:\Program Files\dotnet\sdk\7.0.404\Extensions\Microsoft.VisualStudio.TestPlatform.Extensions.Html.TestLogger.dll
TpTrace Verbose: 0 : 13652, 1, 2023/11/16, 08:21:26.564, 30133371178, vstest.console.dll, MetadataReaderExtensionsHelper: Discovering extensions inside assembly 'Microsoft.VisualStudio.TestPlatform.Extensions.Html.TestLogger, Version=15.0.0.0, Culture=neutral, PublicKeyToken=b03f5f7f11d50a3a' file path 'C:\Program Files\dotnet\sdk\7.0.404\Extensions\Microsoft.VisualStudio.TestPlatform.Extensions.Html.TestLogger.dll'
TpTrace Information: 0 : 13652, 1, 2023/11/16, 08:21:26.566, 30133389522, vstest.console.dll, AssemblyResolver.OnResolve: Microsoft.VisualStudio.TestPlatform.Extensions.Trx.TestLogger: Resolving assembly.
TpTrace Information: 0 : 13652, 1, 2023/11/16, 08:21:26.567, 30133391480, vstest.console.dll, AssemblyResolver.OnResolve: Microsoft.VisualStudio.TestPlatform.Extensions.Trx.TestLogger: Searching in: 'C:\Program Files\dotnet\sdk\7.0.404\Extensions'.
TpTrace Information: 0 : 13652, 1, 2023/11/16, 08:21:26.567, 30133398000, vstest.console.dll, AssemblyResolver.OnResolve: Microsoft.VisualStudio.TestPlatform.Extensions.Trx.TestLogger: Loading assembly 'C:\Program Files\dotnet\sdk\7.0.404\Extensions\Microsoft.VisualStudio.TestPlatform.Extensions.Trx.TestLogger.dll'.
TpTrace Information: 0 : 13652, 1, 2023/11/16, 08:21:26.568, 30133407108, vstest.console.dll, AssemblyResolver.OnResolve: Resolved assembly: Microsoft.VisualStudio.TestPlatform.Extensions.Trx.TestLogger, from path: C:\Program Files\dotnet\sdk\7.0.404\Extensions\Microsoft.VisualStudio.TestPlatform.Extensions.Trx.TestLogger.dll
TpTrace Verbose: 0 : 13652, 1, 2023/11/16, 08:21:26.568, 30133409242, vstest.console.dll, MetadataReaderExtensionsHelper: Discovering extensions inside assembly 'Microsoft.VisualStudio.TestPlatform.Extensions.Trx.TestLogger, Version=15.0.0.0, Culture=neutral, PublicKeyToken=b03f5f7f11d50a3a' file path 'C:\Program Files\dotnet\sdk\7.0.404\Extensions\Microsoft.VisualStudio.TestPlatform.Extensions.Trx.TestLogger.dll'
TpTrace Verbose: 0 : 13652, 1, 2023/11/16, 08:21:26.570, 30133430578, vstest.console.dll, TestPluginCache: Discovered the extensions using extension path ''.
TpTrace Verbose: 0 : 13652, 1, 2023/11/16, 08:21:26.571, 30133432145, vstest.console.dll, TestPluginCache: Discoverers are ''.
TpTrace Verbose: 0 : 13652, 1, 2023/11/16, 08:21:26.571, 30133432755, vstest.console.dll, TestPluginCache: Executors are ''.
TpTrace Verbose: 0 : 13652, 1, 2023/11/16, 08:21:26.571, 30133433289, vstest.console.dll, TestPluginCache: Executors2 are ''.
TpTrace Verbose: 0 : 13652, 1, 2023/11/16, 08:21:26.571, 30133433799, vstest.console.dll, TestPluginCache: Setting providers are ''.
TpTrace Verbose: 0 : 13652, 1, 2023/11/16, 08:21:26.571, 30133434298, vstest.console.dll, TestPluginCache: Loggers are ''.
TpTrace Verbose: 0 : 13652, 1, 2023/11/16, 08:21:26.571, 30133436398, vstest.console.dll, TestPluginCache: TestHosts are 'HostProvider://DefaultTestHost,HostProvider://DotnetTestHost'.
TpTrace Verbose: 0 : 13652, 1, 2023/11/16, 08:21:26.571, 30133437054, vstest.console.dll, TestPluginCache: DataCollectors are ''.
TpTrace Information: 0 : 13652, 1, 2023/11/16, 08:21:26.587, 30133596936, vstest.console.dll, RunTestsArgumentProcessor:Execute: Test run is starting.
TpTrace Verbose: 0 : 13652, 1, 2023/11/16, 08:21:26.587, 30133598315, vstest.console.dll, RunTestsArgumentProcessor:Execute: Queuing Test run.
TpTrace Information: 0 : 13652, 1, 2023/11/16, 08:21:26.588, 30133603363, vstest.console.dll, TestRequestManager.RunTests: run tests started.
TpTrace Information: 0 : 13652, 1, 2023/11/16, 08:21:26.590, 30133624100, vstest.console.dll, AssemblyMetadataProvider.GetFrameworkName: Determined framework:'.NETCoreApp,Version=v6.0' for source: 'C:\Development\Interview\KrowGala\UnitTests\bin\Debug\fine-code-coverage-net6.0\UnitTests.dll'
TpTrace Information: 0 : 13652, 1, 2023/11/16, 08:21:26.590, 30133627208, vstest.console.dll, Determined framework for all sources: .NETCoreApp,Version=v6.0
TpTrace Verbose: 0 : 13652, 1, 2023/11/16, 08:21:26.591, 30133634030, vstest.console.dll, TestRequestManager.UpdateRunSettingsIfRequired: Default architecture: X64 IsDefaultTargetArchitecture: True, Current process architecture: X64 OperatingSystem: Windows.
TpTrace Information: 0 : 13652, 1, 2023/11/16, 08:21:26.594, 30133664340, vstest.console.dll, AssemblyMetadataProvider.GetArchitecture: Determined architecture:AnyCPU info for assembly: C:\Development\Interview\KrowGala\UnitTests\bin\Debug\fine-code-coverage-net6.0\UnitTests.dll
TpTrace Information: 0 : 13652, 1, 2023/11/16, 08:21:26.594, 30133665653, vstest.console.dll, Determined platform for source 'C:\Development\Interview\KrowGala\UnitTests\bin\Debug\fine-code-coverage-net6.0\UnitTests.dll' was AnyCPU and it will use the default plaform X64.
TpTrace Information: 0 : 13652, 1, 2023/11/16, 08:21:26.594, 30133666256, vstest.console.dll, None of the sources provided any runnable platform, using the default platform: X64
TpTrace Information: 0 : 13652, 1, 2023/11/16, 08:21:26.594, 30133667863, vstest.console.dll, Platform was updated to 'X64'.
TpTrace Information: 0 : 13652, 1, 2023/11/16, 08:21:26.600, 30133727522, vstest.console.dll, InferRunSettingsHelper.IsTestSettingsEnabled: Unable to navigate to RunSettings/MSTest. Current node: RunSettings
TpTrace Information: 0 : 13652, 1, 2023/11/16, 08:21:26.601, 30133739009, vstest.console.dll, AssemblyResolver.OnResolve: Microsoft.VisualStudio.TestPlatform.Fakes: Resolving assembly.
TpTrace Information: 0 : 13652, 1, 2023/11/16, 08:21:26.601, 30133740042, vstest.console.dll, AssemblyResolver.OnResolve: Microsoft.VisualStudio.TestPlatform.Fakes: Searching in: 'C:\Program Files\dotnet\sdk\7.0.404\Extensions'.
TpTrace Information: 0 : 13652, 1, 2023/11/16, 08:21:26.602, 30133742074, vstest.console.dll, AssemblyResolver.OnResolve: Microsoft.VisualStudio.TestPlatform.Fakes: Assembly path does not exist: 'C:\Program Files\dotnet\sdk\7.0.404\Extensions\Microsoft.VisualStudio.TestPlatform.Fakes.dll', returning.
TpTrace Information: 0 : 13652, 1, 2023/11/16, 08:21:26.602, 30133743510, vstest.console.dll, AssemblyResolver.OnResolve: Microsoft.VisualStudio.TestPlatform.Fakes: Assembly path does not exist: 'C:\Program Files\dotnet\sdk\7.0.404\Extensions\Microsoft.VisualStudio.TestPlatform.Fakes.exe', returning.
TpTrace Information: 0 : 13652, 1, 2023/11/16, 08:21:26.602, 30133744149, vstest.console.dll, AssemblyResolver.OnResolve: Microsoft.VisualStudio.TestPlatform.Fakes: Searching in: 'C:\Program Files\dotnet\sdk\7.0.404'.
TpTrace Information: 0 : 13652, 1, 2023/11/16, 08:21:26.602, 30133745361, vstest.console.dll, AssemblyResolver.OnResolve: Microsoft.VisualStudio.TestPlatform.Fakes: Assembly path does not exist: 'C:\Program Files\dotnet\sdk\7.0.404\Microsoft.VisualStudio.TestPlatform.Fakes.dll', returning.
TpTrace Information: 0 : 13652, 1, 2023/11/16, 08:21:26.602, 30133746668, vstest.console.dll, AssemblyResolver.OnResolve: Microsoft.VisualStudio.TestPlatform.Fakes: Assembly path does not exist: 'C:\Program Files\dotnet\sdk\7.0.404\Microsoft.VisualStudio.TestPlatform.Fakes.exe', returning.
TpTrace Information: 0 : 13652, 1, 2023/11/16, 08:21:26.602, 30133747433, vstest.console.dll, AssemblyResolver.OnResolve: Microsoft.VisualStudio.TestPlatform.Fakes: Failed to load assembly.
TpTrace Information: 0 : 13652, 1, 2023/11/16, 08:21:26.603, 30133751730, vstest.console.dll, Failed to load assembly Microsoft.VisualStudio.TestPlatform.Fakes, Version=17.0.0.0, Culture=neutral. Reason:System.IO.FileNotFoundException: Could not load file or assembly 'Microsoft.VisualStudio.TestPlatform.Fakes, Version=17.0.0.0, Culture=neutral, PublicKeyToken=null'. The system cannot find the file specified.
File name: 'Microsoft.VisualStudio.TestPlatform.Fakes, Version=17.0.0.0, Culture=neutral, PublicKeyToken=null'
   at System.Reflection.RuntimeAssembly.InternalLoad(AssemblyName assemblyName, StackCrawlMark& stackMark, AssemblyLoadContext assemblyLoadContext, RuntimeAssembly requestingAssembly, Boolean throwOnFileNotFound)
   at System.Reflection.Assembly.Load(AssemblyName assemblyRef)
   at Microsoft.VisualStudio.TestPlatform.Common.Utilities.FakesUtilities.LoadTestPlatformAssembly() in /_/src/Microsoft.TestPlatform.Common/Utilities/FakesUtilities.cs:line 272
TpTrace Verbose: 0 : 13652, 1, 2023/11/16, 08:21:26.611, 30133833789, vstest.console.dll, TestPluginCache.DiscoverTestExtensions: finding test extensions in assemblies ends with: TestLogger.dll TPluginInfo: Microsoft.VisualStudio.TestPlatform.Common.ExtensionFramework.Utilities.TestLoggerPluginInformation TExtension: Microsoft.VisualStudio.TestPlatform.ObjectModel.Client.ITestLogger
TpTrace Verbose: 0 : 13652, 1, 2023/11/16, 08:21:26.611, 30133835723, vstest.console.dll, TestPluginCache.GetExtensionPaths: Filtered extension paths: 
TpTrace Verbose: 0 : 13652, 1, 2023/11/16, 08:21:26.611, 30133836427, vstest.console.dll, TestPluginCache.GetExtensionPaths: Added default extension paths: C:\Program Files\dotnet\sdk\7.0.404\Extensions\Microsoft.Diagnostics.NETCore.Client.dll
C:\Program Files\dotnet\sdk\7.0.404\Extensions\Microsoft.TestPlatform.Extensions.BlameDataCollector.dll
C:\Program Files\dotnet\sdk\7.0.404\Extensions\Microsoft.TestPlatform.Extensions.EventLogCollector.dll
C:\Program Files\dotnet\sdk\7.0.404\Extensions\Microsoft.TestPlatform.TestHostRuntimeProvider.dll
C:\Program Files\dotnet\sdk\7.0.404\Extensions\Microsoft.VisualStudio.TestPlatform.Extensions.Html.TestLogger.dll
C:\Program Files\dotnet\sdk\7.0.404\Extensions\Microsoft.VisualStudio.TestPlatform.Extensions.Trx.TestLogger.dll
TpTrace Verbose: 0 : 13652, 1, 2023/11/16, 08:21:26.611, 30133837050, vstest.console.dll, TestPluginCache.GetExtensionPaths: Added unfilterableExtensionPaths: 
TpTrace Information: 0 : 13652, 1, 2023/11/16, 08:21:26.611, 30133839435, vstest.console.dll, AssemblyResolver.AddSearchDirectories: Adding more searchDirectories C:\Program Files\dotnet\sdk\7.0.404\Extensions,C:\Program Files\dotnet\sdk\7.0.404
TpTrace Verbose: 0 : 13652, 1, 2023/11/16, 08:21:26.611, 30133841022, vstest.console.dll, TestPluginCache.DiscoverTestExtensions: Discovering the extensions using extension path.
TpTrace Verbose: 0 : 13652, 1, 2023/11/16, 08:21:26.612, 30133842160, vstest.console.dll, TestPluginCache.GetExtensionPaths: Filtered extension paths: 
TpTrace Verbose: 0 : 13652, 1, 2023/11/16, 08:21:26.612, 30133843128, vstest.console.dll, TestPluginCache.GetExtensionPaths: Added default extension paths: C:\Program Files\dotnet\sdk\7.0.404\Extensions\Microsoft.Diagnostics.NETCore.Client.dll
C:\Program Files\dotnet\sdk\7.0.404\Extensions\Microsoft.TestPlatform.Extensions.BlameDataCollector.dll
C:\Program Files\dotnet\sdk\7.0.404\Extensions\Microsoft.TestPlatform.Extensions.EventLogCollector.dll
C:\Program Files\dotnet\sdk\7.0.404\Extensions\Microsoft.TestPlatform.TestHostRuntimeProvider.dll
C:\Program Files\dotnet\sdk\7.0.404\Extensions\Microsoft.VisualStudio.TestPlatform.Extensions.Html.TestLogger.dll
C:\Program Files\dotnet\sdk\7.0.404\Extensions\Microsoft.VisualStudio.TestPlatform.Extensions.Trx.TestLogger.dll
TpTrace Verbose: 0 : 13652, 1, 2023/11/16, 08:21:26.612, 30133844173, vstest.console.dll, TestPluginCache.GetExtensionPaths: Added unfilterableExtensionPaths: 
TpTrace Verbose: 0 : 13652, 1, 2023/11/16, 08:21:26.612, 30133845244, vstest.console.dll, TestPluginCache.DiscoverTestExtensions: Discovering the extensions using allExtensionPaths: C:\Program Files\dotnet\sdk\7.0.404\Extensions\Microsoft.Diagnostics.NETCore.Client.dll
C:\Program Files\dotnet\sdk\7.0.404\Extensions\Microsoft.TestPlatform.Extensions.BlameDataCollector.dll
C:\Program Files\dotnet\sdk\7.0.404\Extensions\Microsoft.TestPlatform.Extensions.EventLogCollector.dll
C:\Program Files\dotnet\sdk\7.0.404\Extensions\Microsoft.TestPlatform.TestHostRuntimeProvider.dll
C:\Program Files\dotnet\sdk\7.0.404\Extensions\Microsoft.VisualStudio.TestPlatform.Extensions.Html.TestLogger.dll
C:\Program Files\dotnet\sdk\7.0.404\Extensions\Microsoft.VisualStudio.TestPlatform.Extensions.Trx.TestLogger.dll
TpTrace Information: 0 : 13652, 1, 2023/11/16, 08:21:26.612, 30133847919, vstest.console.dll, AssemblyResolver.AddSearchDirectories: Adding more searchDirectories C:\Program Files\dotnet\sdk\7.0.404\Extensions,C:\Program Files\dotnet\sdk\7.0.404
TpTrace Information: 0 : 13652, 1, 2023/11/16, 08:21:26.612, 30133849149, vstest.console.dll, AssemblyResolver.AddSearchDirectories: Adding more searchDirectories C:\Program Files\dotnet\sdk\7.0.404\Extensions,C:\Program Files\dotnet\sdk\7.0.404
TpTrace Information: 0 : 13652, 1, 2023/11/16, 08:21:26.612, 30133850384, vstest.console.dll, AssemblyResolver.AddSearchDirectories: Adding more searchDirectories C:\Program Files\dotnet\sdk\7.0.404\Extensions,C:\Program Files\dotnet\sdk\7.0.404
TpTrace Information: 0 : 13652, 1, 2023/11/16, 08:21:26.612, 30133851137, vstest.console.dll, AssemblyResolver.AddSearchDirectories: Adding more searchDirectories C:\Program Files\dotnet\sdk\7.0.404\Extensions,C:\Program Files\dotnet\sdk\7.0.404
TpTrace Information: 0 : 13652, 1, 2023/11/16, 08:21:26.613, 30133851788, vstest.console.dll, AssemblyResolver.AddSearchDirectories: Adding more searchDirectories C:\Program Files\dotnet\sdk\7.0.404\Extensions,C:\Program Files\dotnet\sdk\7.0.404
TpTrace Information: 0 : 13652, 1, 2023/11/16, 08:21:26.613, 30133852424, vstest.console.dll, AssemblyResolver.AddSearchDirectories: Adding more searchDirectories C:\Program Files\dotnet\sdk\7.0.404\Extensions,C:\Program Files\dotnet\sdk\7.0.404
TpTrace Verbose: 0 : 13652, 1, 2023/11/16, 08:21:26.613, 30133854433, vstest.console.dll, MetadataReaderExtensionsHelper: Discovering extensions inside assembly 'Microsoft.Diagnostics.NETCore.Client, Version=0.2.8.21101, Culture=neutral, PublicKeyToken=31bf3856ad364e35' file path 'C:\Program Files\dotnet\sdk\7.0.404\Extensions\Microsoft.Diagnostics.NETCore.Client.dll'
TpTrace Information: 0 : 13652, 1, 2023/11/16, 08:21:26.614, 30133862203, vstest.console.dll, AssemblyResolver.OnResolve: Microsoft.Bcl.AsyncInterfaces: Resolving assembly.
TpTrace Information: 0 : 13652, 1, 2023/11/16, 08:21:26.614, 30133863093, vstest.console.dll, AssemblyResolver.OnResolve: Microsoft.Bcl.AsyncInterfaces: Resolved from cache.
TpTrace Verbose: 0 : 13652, 1, 2023/11/16, 08:21:26.614, 30133863660, vstest.console.dll, CurrentDomainAssemblyResolve: Resolving assembly 'Microsoft.Bcl.AsyncInterfaces'.
TpTrace Information: 0 : 13652, 1, 2023/11/16, 08:21:26.614, 30133864474, vstest.console.dll, AssemblyResolver.OnResolve: Microsoft.Bcl.AsyncInterfaces: Resolving assembly.
TpTrace Information: 0 : 13652, 1, 2023/11/16, 08:21:26.614, 30133865052, vstest.console.dll, AssemblyResolver.OnResolve: Microsoft.Bcl.AsyncInterfaces: Resolved from cache.
TpTrace Verbose: 0 : 13652, 1, 2023/11/16, 08:21:26.614, 30133865584, vstest.console.dll, CurrentDomainAssemblyResolve: Resolving assembly 'Microsoft.Bcl.AsyncInterfaces'.
TpTrace Verbose: 0 : 13652, 1, 2023/11/16, 08:21:26.614, 30133866128, vstest.console.dll, CurrentDomainAssemblyResolve: Failed to resolve assembly 'Microsoft.Bcl.AsyncInterfaces'.
TpTrace Verbose: 0 : 13652, 1, 2023/11/16, 08:21:26.614, 30133868416, vstest.console.dll, CurrentDomainAssemblyResolve: Failed to resolve assembly 'Microsoft.Bcl.AsyncInterfaces'.
TpTrace Warning: 0 : 13652, 1, 2023/11/16, 08:21:26.615, 30133874824, vstest.console.dll, TestPluginDiscoverer: Failed to get types from assembly 'Microsoft.Diagnostics.NETCore.Client, Version=0.2.8.21101, Culture=neutral, PublicKeyToken=31bf3856ad364e35'. Error: System.Reflection.ReflectionTypeLoadException: Unable to load one or more of the requested types.
Could not load file or assembly 'Microsoft.Bcl.AsyncInterfaces, Version=1.0.0.0, Culture=neutral, PublicKeyToken=cc7b13ffcd2ddd51'. The system cannot find the file specified.
   at System.Reflection.RuntimeModule.GetTypes(RuntimeModule module)
   at System.Reflection.Assembly.GetTypes()
   at Microsoft.VisualStudio.TestPlatform.Common.ExtensionFramework.TestPluginDiscoverer.GetTestExtensionsFromAssembly[TPluginInfo,TExtension](Assembly assembly, Dictionary`2 pluginInfos, String filePath) in /_/src/Microsoft.TestPlatform.Common/ExtensionFramework/TestPluginDiscoverer.cs:line 158
System.IO.FileNotFoundException: Could not load file or assembly 'Microsoft.Bcl.AsyncInterfaces, Version=1.0.0.0, Culture=neutral, PublicKeyToken=cc7b13ffcd2ddd51'. The system cannot find the file specified.
File name: 'Microsoft.Bcl.AsyncInterfaces, Version=1.0.0.0, Culture=neutral, PublicKeyToken=cc7b13ffcd2ddd51'
 ---> System.IO.FileNotFoundException: Could not load file or assembly 'Microsoft.Bcl.AsyncInterfaces, Culture=neutral, PublicKeyToken=null'. The system cannot find the file specified.
File name: 'Microsoft.Bcl.AsyncInterfaces, Culture=neutral, PublicKeyToken=null'
   at System.Reflection.RuntimeAssembly.InternalLoad(AssemblyName assemblyName, StackCrawlMark& stackMark, AssemblyLoadContext assemblyLoadContext, RuntimeAssembly requestingAssembly, Boolean throwOnFileNotFound)
   at System.Reflection.Assembly.Load(AssemblyName assemblyRef)
   at Microsoft.VisualStudio.TestPlatform.Common.ExtensionFramework.TestPluginCache.CurrentDomainAssemblyResolve(Object sender, AssemblyResolveEventArgs args) in /_/src/Microsoft.TestPlatform.Common/ExtensionFramework/TestPluginCache.cs:line 513
   at System.Runtime.Loader.AssemblyLoadContext.GetFirstResolvedAssemblyFromResolvingEvent(AssemblyName assemblyName)
   at System.Runtime.Loader.AssemblyLoadContext.ResolveUsingEvent(AssemblyName assemblyName)
   at System.Runtime.Loader.AssemblyLoadContext.ResolveUsingResolvingEvent(IntPtr gchManagedAssemblyLoadContext, AssemblyName assemblyName)
TpTrace Warning: 0 : 13652, 1, 2023/11/16, 08:21:26.615, 30133877464, vstest.console.dll, LoaderExceptions: System.IO.FileNotFoundException: Could not load file or assembly 'Microsoft.Bcl.AsyncInterfaces, Version=1.0.0.0, Culture=neutral, PublicKeyToken=cc7b13ffcd2ddd51'. The system cannot find the file specified.
File name: 'Microsoft.Bcl.AsyncInterfaces, Version=1.0.0.0, Culture=neutral, PublicKeyToken=cc7b13ffcd2ddd51'
 ---> System.IO.FileNotFoundException: Could not load file or assembly 'Microsoft.Bcl.AsyncInterfaces, Culture=neutral, PublicKeyToken=null'. The system cannot find the file specified.
File name: 'Microsoft.Bcl.AsyncInterfaces, Culture=neutral, PublicKeyToken=null'
   at System.Reflection.RuntimeAssembly.InternalLoad(AssemblyName assemblyName, StackCrawlMark& stackMark, AssemblyLoadContext assemblyLoadContext, RuntimeAssembly requestingAssembly, Boolean throwOnFileNotFound)
   at System.Reflection.Assembly.Load(AssemblyName assemblyRef)
   at Microsoft.VisualStudio.TestPlatform.Common.ExtensionFramework.TestPluginCache.CurrentDomainAssemblyResolve(Object sender, AssemblyResolveEventArgs args) in /_/src/Microsoft.TestPlatform.Common/ExtensionFramework/TestPluginCache.cs:line 513
   at System.Runtime.Loader.AssemblyLoadContext.GetFirstResolvedAssemblyFromResolvingEvent(AssemblyName assemblyName)
   at System.Runtime.Loader.AssemblyLoadContext.ResolveUsingEvent(AssemblyName assemblyName)
   at System.Runtime.Loader.AssemblyLoadContext.ResolveUsingResolvingEvent(IntPtr gchManagedAssemblyLoadContext, AssemblyName assemblyName)
TpTrace Verbose: 0 : 13652, 1, 2023/11/16, 08:21:26.615, 30133878753, vstest.console.dll, MetadataReaderExtensionsHelper: Discovering extensions inside assembly 'Microsoft.TestPlatform.Extensions.BlameDataCollector, Version=15.0.0.0, Culture=neutral, PublicKeyToken=b03f5f7f11d50a3a' file path 'C:\Program Files\dotnet\sdk\7.0.404\Extensions\Microsoft.TestPlatform.Extensions.BlameDataCollector.dll'
TpTrace Information: 0 : 13652, 1, 2023/11/16, 08:21:26.616, 30133886091, vstest.console.dll, GetTestExtensionFromType: Register extension with identifier data 'logger://Microsoft/TestPlatform/Extensions/Blame/v1' and type 'Microsoft.TestPlatform.Extensions.BlameDataCollector.BlameLogger, Microsoft.TestPlatform.Extensions.BlameDataCollector, Version=15.0.0.0, Culture=neutral, PublicKeyToken=b03f5f7f11d50a3a' inside file 'C:\Program Files\dotnet\sdk\7.0.404\Extensions\Microsoft.TestPlatform.Extensions.BlameDataCollector.dll'
TpTrace Verbose: 0 : 13652, 1, 2023/11/16, 08:21:26.616, 30133887243, vstest.console.dll, MetadataReaderExtensionsHelper: Discovering extensions inside assembly 'Microsoft.TestPlatform.Extensions.EventLogCollector, Version=15.0.0.0, Culture=neutral, PublicKeyToken=b03f5f7f11d50a3a' file path 'C:\Program Files\dotnet\sdk\7.0.404\Extensions\Microsoft.TestPlatform.Extensions.EventLogCollector.dll'
TpTrace Verbose: 0 : 13652, 1, 2023/11/16, 08:21:26.617, 30133896462, vstest.console.dll, MetadataReaderExtensionsHelper: Discovering extensions inside assembly 'Microsoft.TestPlatform.TestHostRuntimeProvider, Version=15.0.0.0, Culture=neutral, PublicKeyToken=b03f5f7f11d50a3a' file path 'C:\Program Files\dotnet\sdk\7.0.404\Extensions\Microsoft.TestPlatform.TestHostRuntimeProvider.dll'
TpTrace Verbose: 0 : 13652, 1, 2023/11/16, 08:21:26.617, 30133900979, vstest.console.dll, MetadataReaderExtensionsHelper: Discovering extensions inside assembly 'Microsoft.VisualStudio.TestPlatform.Extensions.Html.TestLogger, Version=15.0.0.0, Culture=neutral, PublicKeyToken=b03f5f7f11d50a3a' file path 'C:\Program Files\dotnet\sdk\7.0.404\Extensions\Microsoft.VisualStudio.TestPlatform.Extensions.Html.TestLogger.dll'
TpTrace Information: 0 : 13652, 1, 2023/11/16, 08:21:26.618, 30133909321, vstest.console.dll, GetTestExtensionFromType: Register extension with identifier data 'logger://Microsoft/TestPlatform/HtmlLogger/v1' and type 'Microsoft.VisualStudio.TestPlatform.Extensions.HtmlLogger.HtmlLogger, Microsoft.VisualStudio.TestPlatform.Extensions.Html.TestLogger, Version=15.0.0.0, Culture=neutral, PublicKeyToken=b03f5f7f11d50a3a' inside file 'C:\Program Files\dotnet\sdk\7.0.404\Extensions\Microsoft.VisualStudio.TestPlatform.Extensions.Html.TestLogger.dll'
TpTrace Verbose: 0 : 13652, 1, 2023/11/16, 08:21:26.618, 30133910779, vstest.console.dll, MetadataReaderExtensionsHelper: Discovering extensions inside assembly 'Microsoft.VisualStudio.TestPlatform.Extensions.Trx.TestLogger, Version=15.0.0.0, Culture=neutral, PublicKeyToken=b03f5f7f11d50a3a' file path 'C:\Program Files\dotnet\sdk\7.0.404\Extensions\Microsoft.VisualStudio.TestPlatform.Extensions.Trx.TestLogger.dll'
TpTrace Information: 0 : 13652, 1, 2023/11/16, 08:21:26.619, 30133916543, vstest.console.dll, GetTestExtensionFromType: Register extension with identifier data 'logger://Microsoft/TestPlatform/TrxLogger/v1' and type 'Microsoft.VisualStudio.TestPlatform.Extensions.TrxLogger.TrxLogger, Microsoft.VisualStudio.TestPlatform.Extensions.Trx.TestLogger, Version=15.0.0.0, Culture=neutral, PublicKeyToken=b03f5f7f11d50a3a' inside file 'C:\Program Files\dotnet\sdk\7.0.404\Extensions\Microsoft.VisualStudio.TestPlatform.Extensions.Trx.TestLogger.dll'
TpTrace Verbose: 0 : 13652, 1, 2023/11/16, 08:21:26.619, 30133917978, vstest.console.dll, TestPluginCache: Discovered the extensions using extension path ''.
TpTrace Verbose: 0 : 13652, 1, 2023/11/16, 08:21:26.619, 30133918636, vstest.console.dll, TestPluginCache: Discoverers are ''.
TpTrace Verbose: 0 : 13652, 1, 2023/11/16, 08:21:26.619, 30133919151, vstest.console.dll, TestPluginCache: Executors are ''.
TpTrace Verbose: 0 : 13652, 1, 2023/11/16, 08:21:26.619, 30133919642, vstest.console.dll, TestPluginCache: Executors2 are ''.
TpTrace Verbose: 0 : 13652, 1, 2023/11/16, 08:21:26.619, 30133920124, vstest.console.dll, TestPluginCache: Setting providers are ''.
TpTrace Verbose: 0 : 13652, 1, 2023/11/16, 08:21:26.620, 30133921545, vstest.console.dll, TestPluginCache: Loggers are 'logger://Microsoft/TestPlatform/Extensions/Blame/v1,logger://Microsoft/TestPlatform/HtmlLogger/v1,logger://Microsoft/TestPlatform/TrxLogger/v1'.
TpTrace Verbose: 0 : 13652, 1, 2023/11/16, 08:21:26.620, 30133922432, vstest.console.dll, TestPluginCache: TestHosts are 'HostProvider://DefaultTestHost,HostProvider://DotnetTestHost'.
TpTrace Verbose: 0 : 13652, 1, 2023/11/16, 08:21:26.620, 30133923071, vstest.console.dll, TestPluginCache: DataCollectors are ''.
TpTrace Information: 0 : 13652, 1, 2023/11/16, 08:21:26.621, 30133939290, vstest.console.dll, TestPluginManager.CreateTestExtension: Attempting to load test extension: Microsoft.TestPlatform.Extensions.BlameDataCollector.BlameLogger
TpTrace Verbose: 0 : 13652, 1, 2023/11/16, 08:21:26.634, 30134061989, vstest.console.dll, TestEngine: Initializing Parallel Execution as MaxCpuCount is set to: 1
TpTrace Information: 0 : 13652, 1, 2023/11/16, 08:21:26.636, 30134090084, vstest.console.dll, TestPluginManager.CreateTestExtension: Attempting to load test extension: Microsoft.VisualStudio.TestPlatform.CrossPlatEngine.Hosting.DefaultTestHostManager
TpTrace Information: 0 : 13652, 1, 2023/11/16, 08:21:26.638, 30134102232, vstest.console.dll, TestPluginManager.CreateTestExtension: Attempting to load test extension: Microsoft.VisualStudio.TestPlatform.CrossPlatEngine.Hosting.DotnetTestHostManager
TpTrace Information: 0 : 13652, 1, 2023/11/16, 08:21:26.639, 30134114313, vstest.console.dll, InferRunSettingsHelper.IsTestSettingsEnabled: Unable to navigate to RunSettings/MSTest. Current node: RunSettings
TpTrace Verbose: 0 : 13652, 1, 2023/11/16, 08:21:26.640, 30134124195, vstest.console.dll, ParallelOperationManager.ClearSlots: Clearing all slots. Slots should accept more work: True
TpTrace Verbose: 0 : 13652, 1, 2023/11/16, 08:21:26.641, 30134137303, vstest.console.dll, ParallelOperationManager.SetOccupiedSlotCount: Setting slot counts AvailableSlotCount = 1, OccupiedSlotCount = 0.
TpTrace Verbose: 0 : 13652, 1, 2023/11/16, 08:21:26.642, 30134144867, vstest.console.dll, Occupied slots:

TpTrace Verbose: 0 : 13652, 1, 2023/11/16, 08:21:26.648, 30134209108, vstest.console.dll, TestEngine.GetExecutionManager: Chosen execution manager 'Microsoft.VisualStudio.TestPlatform.CrossPlatEngine.Client.Parallel.ParallelProxyExecutionManager, Microsoft.TestPlatform.CrossPlatEngine, Version=15.0.0.0, Culture=neutral, PublicKeyToken=b03f5f7f11d50a3a' ParallelLevel '1'.
TpTrace Verbose: 0 : 13652, 1, 2023/11/16, 08:21:26.649, 30134211991, vstest.console.dll, TestRunRequest.ExecuteAsync: Creating test run request.
TpTrace Verbose: 0 : 13652, 1, 2023/11/16, 08:21:26.649, 30134216101, vstest.console.dll, TestRunRequest.ExecuteAsync: Starting.
TpTrace Information: 0 : 13652, 1, 2023/11/16, 08:21:26.649, 30134220812, vstest.console.dll, TestRunRequest.ExecuteAsync: Starting run with settings:TestRunCriteria:
   KeepAlive=False,FrequencyOfRunStatsChangeEvent=10,RunStatsChangeEventTimeout=00:00:01.5000000,TestCaseFilter=,TestExecutorLauncher=
   Settingsxml=<RunSettings>
  <RunConfiguration>
    <ResultsDirectory>C:\Development\Interview\KrowGala\UnitTests\bin\Debug\net6.0\fine-code-coverage\coverage-tool-output</ResultsDirectory>
    <TargetPlatform>X64</TargetPlatform>
    <TargetFrameworkVersion>.NETCoreApp,Version=v6.0</TargetFrameworkVersion>
    <DesignMode>False</DesignMode>
    <CollectSourceInformation>False</CollectSourceInformation>
  </RunConfiguration>
  <LoggerRunSettings>
    <Loggers>
      <Logger friendlyName="blame" enabled="True" />
      <Logger friendlyName="Console" uri="logger://microsoft/TestPlatform/ConsoleLogger/v1" assemblyQualifiedName="Microsoft.VisualStudio.TestPlatform.CommandLine.Internal.ConsoleLogger, vstest.console, Version=15.0.0.0, Culture=neutral, PublicKeyToken=b03f5f7f11d50a3a" codeBase="C:\Program Files\dotnet\sdk\7.0.404\vstest.console.dll" enabled="True" />
    </Loggers>
  </LoggerRunSettings>
  <DataCollectionRunSettings>
    <DataCollectors>
      <DataCollector friendlyName="blame" enabled="True">
        <Configuration>
          <ResultsDirectory>C:\Development\Interview\KrowGala\UnitTests\bin\Debug\net6.0\fine-code-coverage\coverage-tool-output</ResultsDirectory>
        </Configuration>
      </DataCollector>
    </DataCollectors>
  </DataCollectionRunSettings>
</RunSettings>

TpTrace Verbose: 0 : 13652, 1, 2023/11/16, 08:21:26.650, 30134221624, vstest.console.dll, TestRunRequest.ExecuteAsync: Wait for the first run request is over.
TpTrace Verbose: 0 : 13652, 1, 2023/11/16, 08:21:26.650, 30134226702, vstest.console.dll, MulticastDelegateUtilities.SafeInvoke: TestRun.TestRunStart: Invoking callbacks was skipped because there are no subscribers.
TpTrace Verbose: 0 : 13652, 4, 2023/11/16, 08:21:26.650, 30134230863, vstest.console.dll, MulticastDelegateUtilities.SafeInvoke: InternalTestLoggerEvents.SendTestRunStart: Invoking callback 1/1 for Microsoft.VisualStudio.TestPlatform.CommandLine.Internal.ConsoleLogger., took 0 ms.
TpTrace Verbose: 0 : 13652, 1, 2023/11/16, 08:21:26.653, 30134253932, vstest.console.dll, ParallelProxyExecutionManager: Start execution. Total sources: 1
TpTrace Verbose: 0 : 13652, 1, 2023/11/16, 08:21:26.653, 30134260588, vstest.console.dll, ParallelOperationManager.StartWork: Starting adding 1 workloads.
TpTrace Verbose: 0 : 13652, 1, 2023/11/16, 08:21:26.654, 30134262846, vstest.console.dll, ParallelOperationManager.ClearSlots: Clearing all slots. Slots should accept more work: True
TpTrace Verbose: 0 : 13652, 1, 2023/11/16, 08:21:26.654, 30134264095, vstest.console.dll, ParallelOperationManager.SetOccupiedSlotCount: Setting slot counts AvailableSlotCount = 1, OccupiedSlotCount = 0.
TpTrace Verbose: 0 : 13652, 1, 2023/11/16, 08:21:26.654, 30134264836, vstest.console.dll, Occupied slots:

TpTrace Verbose: 0 : 13652, 1, 2023/11/16, 08:21:26.656, 30134291009, vstest.console.dll, TestRequestSender is acting as server.
TpTrace Verbose: 0 : 13652, 1, 2023/11/16, 08:21:26.658, 30134310613, vstest.console.dll, ParallelOperationManager.RunWorkInParallel: Adding 1 workload to slot, remaining workloads 0.
TpTrace Verbose: 0 : 13652, 1, 2023/11/16, 08:21:26.659, 30134311983, vstest.console.dll, ParallelOperationManager.SetOccupiedSlotCount: Setting slot counts AvailableSlotCount = 0, OccupiedSlotCount = 1.
TpTrace Verbose: 0 : 13652, 1, 2023/11/16, 08:21:26.659, 30134313976, vstest.console.dll, Occupied slots:
0: C:\Development\Interview\KrowGala\UnitTests\bin\Debug\fine-code-coverage-net6.0\UnitTests.dll
TpTrace Verbose: 0 : 13652, 1, 2023/11/16, 08:21:26.662, 30134346910, vstest.console.dll, ParallelOperationManager.RunWorkInParallel: Started host in slot number 0 for work (source): C:\Development\Interview\KrowGala\UnitTests\bin\Debug\fine-code-coverage-net6.0\UnitTests.dll.
TpTrace Verbose: 0 : 13652, 1, 2023/11/16, 08:21:26.664, 30134366120, vstest.console.dll, ParallelOperationManager.RunWorkInParallel: We started 1 work items, which is the max parallel level. Won't start more work.
TpTrace Verbose: 0 : 13652, 1, 2023/11/16, 08:21:26.664, 30134367685, vstest.console.dll, ParallelOperationManager.RunWorkInParallel: We started 1 work items in here, returning True.
TpTrace Information: 0 : 13652, 1, 2023/11/16, 08:21:26.664, 30134368752, vstest.console.dll, TestRunRequest.ExecuteAsync: Started.
TpTrace Verbose: 0 : 13652, 5, 2023/11/16, 08:21:26.664, 30134369185, vstest.console.dll, ParallelProxyExecutionManager.StartTestRunOnConcurrentManager: Initializing uninitialized client. Started clients: 0
TpTrace Verbose: 0 : 13652, 1, 2023/11/16, 08:21:26.664, 30134370721, vstest.console.dll, TestRunRequest.WaitForCompletion: Waiting with timeout -1.
TpTrace Verbose: 0 : 13652, 5, 2023/11/16, 08:21:26.665, 30134372085, vstest.console.dll, DataCollectionRequestSender.InitializeCommunication : Initialize communication. 
TpTrace Information: 0 : 13652, 5, 2023/11/16, 08:21:26.672, 30134446601, vstest.console.dll, Listening on Endpoint : 127.0.0.1:5964
TpTrace Verbose: 0 : 13652, 5, 2023/11/16, 08:21:26.686, 30134587531, vstest.console.dll, DotnetDataCollectionLauncher: Adding  --runtimeconfig "C:\Program Files\dotnet\sdk\7.0.404\datacollector.runtimeconfig.json" in args
TpTrace Verbose: 0 : 13652, 5, 2023/11/16, 08:21:26.686, 30134589477, vstest.console.dll, DotnetDataCollectionLauncher: Adding  --depsfile "C:\Program Files\dotnet\sdk\7.0.404\datacollector.deps.json" in args
TpTrace Verbose: 0 : 13652, 5, 2023/11/16, 08:21:26.687, 30134592279, vstest.console.dll, DotnetDataCollectionLauncher: Full path of dotnet.exe is C:\Program Files\dotnet\dotnet.exe
TpTrace Information: 0 : 13652, 5, 2023/11/16, 08:21:26.699, 30134718396, vstest.console.dll, ProxyDataCollectionManager.Initialize: Launched datacollector processId: 836 port: 5964
TpTrace Information: 0 : 13652, 5, 2023/11/16, 08:21:26.700, 30134721231, vstest.console.dll, ProxyDataCollectionManager.Initialize: waiting for connection with timeout: 90 seconds
TpTrace Verbose: 0 : 13652, 5, 2023/11/16, 08:21:26.700, 30134723209, vstest.console.dll, DataCollectionRequestSender.WaitForRequestHandlerConnection : Waiting for connection with timeout: 90000
TpTrace Information: 0 : 13652, 7, 2023/11/16, 08:21:27.209, 30139819592, vstest.console.dll, Using the buffer size of 16384 bytes
TpTrace Verbose: 0 : 13652, 5, 2023/11/16, 08:21:27.209, 30139819832, vstest.console.dll, SocketCommunicationManager.WaitForClientConnection took: 509 ms, with 90000 ms timeout, and finished with True.
TpTrace Information: 0 : 13652, 7, 2023/11/16, 08:21:27.210, 30139822231, vstest.console.dll, Accepted Client request and set the flag
TpTrace Verbose: 0 : 13652, 5, 2023/11/16, 08:21:27.210, 30139824756, vstest.console.dll, ProxyDataCollectionManager.InvokeDataCollectionServiceAction: Starting.
TpTrace Information: 0 : 13652, 5, 2023/11/16, 08:21:27.210, 30139826856, vstest.console.dll, ProxyDataCollectionManager.BeforeTestRunStart: Get environment variable and port for datacollector processId: 836 port: 5964
TpTrace Verbose: 0 : 13652, 5, 2023/11/16, 08:21:27.210, 30139829791, vstest.console.dll, DataCollectionRequestSender.SendBeforeTestRunStartAndGetResult: Send BeforeTestRunStart message with settingsXml <RunSettings><RunConfiguration><ResultsDirectory>C:\Development\Interview\KrowGala\UnitTests\bin\Debug\net6.0\fine-code-coverage\coverage-tool-output</ResultsDirectory><TargetPlatform>X64</TargetPlatform><TargetFrameworkVersion>.NETCoreApp,Version=v6.0</TargetFrameworkVersion><DesignMode>False</DesignMode><CollectSourceInformation>False</CollectSourceInformation><TestAdaptersPaths>C:\Program Files\dotnet\sdk\7.0.404\Extensions</TestAdaptersPaths></RunConfiguration><LoggerRunSettings><Loggers><Logger friendlyName="blame" enabled="True" /><Logger friendlyName="Console" uri="logger://microsoft/TestPlatform/ConsoleLogger/v1" assemblyQualifiedName="Microsoft.VisualStudio.TestPlatform.CommandLine.Internal.ConsoleLogger, vstest.console, Version=15.0.0.0, Culture=neutral, PublicKeyToken=b03f5f7f11d50a3a" codeBase="C:\Program Files\dotnet\sdk\7.0.404\vstest.console.dll" enabled="True" /></Loggers></LoggerRunSettings><DataCollectionRunSettings><DataCollectors><DataCollector friendlyName="blame" enabled="True"><Configuration><ResultsDirectory>C:\Development\Interview\KrowGala\UnitTests\bin\Debug\net6.0\fine-code-coverage\coverage-tool-output</ResultsDirectory></Configuration></DataCollector></DataCollectors></DataCollectionRunSettings></RunSettings> and sources System.Collections.Generic.List`1[System.String]: 
TpTrace Verbose: 0 : 13652, 5, 2023/11/16, 08:21:27.698, 30144708204, vstest.console.dll, DataCollectionRequestSender.SendBeforeTestRunStartAndGetResult: Received message: (DataCollection.SendMessage) -> {"MessageType":"DataCollection.SendMessage","Payload":{"FriendlyName":null,"Uri":null,"TestCaseId":"00000000-0000-0000-0000-000000000000","Message":"Logging DataCollector Diagnostics in file: C:\\Development\\Interview\\KrowGala\\UnitTests\\bin\\Debug\\net6.0\\fine-code-coverage\\coverage-tool-output\\diagnostics.datacollector.23-11-16_08-21-26_68623_5.log","Level":0}}
TpTrace Verbose: 0 : 13652, 5, 2023/11/16, 08:21:27.889, 30146620532, vstest.console.dll, DataCollectionRequestSender.SendBeforeTestRunStartAndGetResult: Received message: (DataCollection.BeforeTestRunStartResult) -> {"MessageType":"DataCollection.BeforeTestRunStartResult","Payload":{"EnvironmentVariables":{},"DataCollectionEventsPort":5968}}
TpTrace Information: 0 : 13652, 5, 2023/11/16, 08:21:27.897, 30146698338, vstest.console.dll, ProxyDataCollectionManager.BeforeTestRunStart: SendBeforeTestRunStartAndGetResult successful, env variable from datacollector:   and testhost port: 5968
TpTrace Information: 0 : 13652, 5, 2023/11/16, 08:21:27.897, 30146700049, vstest.console.dll, ProxyDataCollectionManager.InvokeDataCollectionServiceAction: Completed.
TpTrace Verbose: 0 : 13652, 5, 2023/11/16, 08:21:27.898, 30146701244, vstest.console.dll, ParallelProxyExecutionManager.StartTestRunOnConcurrentManager: Initializing test run. Started clients: 0
TpTrace Verbose: 0 : 13652, 5, 2023/11/16, 08:21:27.898, 30146703621, vstest.console.dll, ProxyExecutionManager: Test host is always Lazy initialize.
TpTrace Verbose: 0 : 13652, 5, 2023/11/16, 08:21:27.898, 30146710102, vstest.console.dll, TestRequestSender.InitializeCommunication: initialize communication. 
TpTrace Information: 0 : 13652, 5, 2023/11/16, 08:21:27.900, 30146721473, vstest.console.dll, SocketServer.Start: Listening on endpoint : 127.0.0.1:5969
TpTrace Verbose: 0 : 13652, 5, 2023/11/16, 08:21:27.901, 30146735461, vstest.console.dll, DotnetTestHostmanager.GetTestHostProcessStartInfo: Platform environment 'X64' target architecture 'X64' framework '.NETCoreApp,Version=v6.0' OS 'Windows'
TpTrace Verbose: 0 : 13652, 5, 2023/11/16, 08:21:27.901, 30146738852, vstest.console.dll, DotnetTestHostmanager: Adding  --runtimeconfig "C:\Development\Interview\KrowGala\UnitTests\bin\Debug\fine-code-coverage-net6.0\UnitTests.runtimeconfig.json" in args
TpTrace Verbose: 0 : 13652, 5, 2023/11/16, 08:21:27.901, 30146740376, vstest.console.dll, DotnetTestHostmanager: Adding  --depsfile "C:\Development\Interview\KrowGala\UnitTests\bin\Debug\fine-code-coverage-net6.0\UnitTests.deps.json" in args
TpTrace Verbose: 0 : 13652, 5, 2023/11/16, 08:21:27.902, 30146742767, vstest.console.dll, DotnetTestHostmanager.IsWinOnArm: Current PROCESSOR_ARCHITECTURE from environment variable 'AMD64'
TpTrace Verbose: 0 : 13652, 5, 2023/11/16, 08:21:27.902, 30146743618, vstest.console.dll, DotnetTestHostmanager.IsWinOnArm: Is Windows on ARM 'False'
TpTrace Verbose: 0 : 13652, 5, 2023/11/16, 08:21:27.902, 30146744969, vstest.console.dll, DotnetTestHostManager: testhost.exe found at path: C:\Development\Interview\KrowGala\UnitTests\bin\Debug\fine-code-coverage-net6.0\testhost.exe
TpTrace Verbose: 0 : 13652, 5, 2023/11/16, 08:21:27.902, 30146745672, vstest.console.dll, DotnetTestHostmanager: Full path of host exe is C:\Development\Interview\KrowGala\UnitTests\bin\Debug\fine-code-coverage-net6.0\testhost.exe
TpTrace Verbose: 0 : 13652, 5, 2023/11/16, 08:21:27.902, 30146747729, vstest.console.dll, DotnetTestHostmanager.LaunchTestHostAsync: Found 'VSTEST_WINAPPHOST_DOTNET_ROOT' in env variables, value 'C:\Program Files\dotnet', forwarding to 'DOTNET_ROOT'
TpTrace Verbose: 0 : 13652, 5, 2023/11/16, 08:21:27.902, 30146750530, vstest.console.dll, DotnetTestHostManager: Starting process 'C:\Development\Interview\KrowGala\UnitTests\bin\Debug\fine-code-coverage-net6.0\testhost.exe' with command line ' --runtimeconfig "C:\Development\Interview\KrowGala\UnitTests\bin\Debug\fine-code-coverage-net6.0\UnitTests.runtimeconfig.json" --depsfile "C:\Development\Interview\KrowGala\UnitTests\bin\Debug\fine-code-coverage-net6.0\UnitTests.deps.json" --port 5969 --endpoint 127.0.0.1:05969 --role client --parentprocessid 13652 --diag "C:\Development\Interview\KrowGala\UnitTests\bin\Debug\net6.0\fine-code-coverage\coverage-tool-output\diagnostics.host.23-11-16_08-21-27_90072_5.log" --tracelevel 4 --datacollectionport 5968 --telemetryoptedin false'
TpTrace Verbose: 0 : 13652, 5, 2023/11/16, 08:21:27.913, 30146858121, vstest.console.dll, MulticastDelegateUtilities.SafeInvoke: HostProviderEvents.OnHostLaunched: Invoking callback 1/2 for Microsoft.VisualStudio.TestPlatform.CrossPlatEngine.Client.ProxyExecutionManagerWithDataCollection., took 2 ms.
TpTrace Verbose: 0 : 13652, 5, 2023/11/16, 08:21:27.914, 30146863935, vstest.console.dll, Test Runtime launched
TpTrace Verbose: 0 : 13652, 5, 2023/11/16, 08:21:27.914, 30146865497, vstest.console.dll, MulticastDelegateUtilities.SafeInvoke: HostProviderEvents.OnHostLaunched: Invoking callback 2/2 for Microsoft.VisualStudio.TestPlatform.CrossPlatEngine.Client.ProxyOperationManager., took 0 ms.
TpTrace Verbose: 0 : 13652, 5, 2023/11/16, 08:21:27.914, 30146868506, vstest.console.dll, TestRequestSender.WaitForRequestHandlerConnection: waiting for connection with timeout: 90000.
TpTrace Verbose: 0 : 13652, 11, 2023/11/16, 08:21:28.294, 30150668181, vstest.console.dll, MulticastDelegateUtilities.SafeInvoke: SocketServer: ClientConnected: Invoking callback 1/1 for Microsoft.VisualStudio.TestPlatform.CommunicationUtilities.TestRequestSender., took 0 ms.
TpTrace Verbose: 0 : 13652, 5, 2023/11/16, 08:21:28.294, 30150668204, vstest.console.dll, TestRequestSender.WaitForRequestHandlerConnection: waiting took 379 ms, with timeout 90000 ms, and result 0, which is success.
TpTrace Verbose: 0 : 13652, 11, 2023/11/16, 08:21:28.295, 30150672415, vstest.console.dll, SocketServer.OnClientConnected: Client connected for endPoint: 127.0.0.1:5969, starting MessageLoopAsync:
TpTrace Verbose: 0 : 13652, 11, 2023/11/16, 08:21:28.296, 30150681257, vstest.console.dll, TcpClientExtensions.MessageLoopAsync: Polling on remoteEndPoint: 127.0.0.1:5970 localEndPoint: 127.0.0.1:5969
TpTrace Verbose: 0 : 13652, 5, 2023/11/16, 08:21:28.297, 30150699533, vstest.console.dll, TestRequestSender.CheckVersionWithTestHost: Sending check version message: {"MessageType":"ProtocolVersion","Payload":7}
TpTrace Verbose: 0 : 13652, 11, 2023/11/16, 08:21:28.690, 30154627103, vstest.console.dll, TcpClientExtensions.MessageLoopAsync: NotifyDataAvailable remoteEndPoint: 127.0.0.1:5970 localEndPoint: 127.0.0.1:5969
TpTrace Verbose: 0 : 13652, 11, 2023/11/16, 08:21:28.691, 30154631905, vstest.console.dll, TestRequestSender.CheckVersionWithTestHost: onMessageReceived received message: (ProtocolVersion) -> {"MessageType":"ProtocolVersion","Payload":7}
TpTrace Verbose: 0 : 13652, 11, 2023/11/16, 08:21:28.692, 30154649368, vstest.console.dll, MulticastDelegateUtilities.SafeInvoke: LengthPrefixCommunicationChannel: MessageReceived: Invoking callback 1/1 for Microsoft.VisualStudio.TestPlatform.CommunicationUtilities.TestRequestSender+<>c__DisplayClass29_0., took 1 ms.
TpTrace Verbose: 0 : 13652, 5, 2023/11/16, 08:21:28.693, 30154651624, vstest.console.dll, TestPluginCache.GetExtensionPaths: Filtered extension paths: 
TpTrace Verbose: 0 : 13652, 11, 2023/11/16, 08:21:28.693, 30154652041, vstest.console.dll, TcpClientExtensions.MessageLoopAsync: Polling on remoteEndPoint: 127.0.0.1:5970 localEndPoint: 127.0.0.1:5969
TpTrace Verbose: 0 : 13652, 5, 2023/11/16, 08:21:28.693, 30154653232, vstest.console.dll, TestPluginCache.GetExtensionPaths: Added default extension paths: C:\Program Files\dotnet\sdk\7.0.404\Extensions\Microsoft.Diagnostics.NETCore.Client.dll
C:\Program Files\dotnet\sdk\7.0.404\Extensions\Microsoft.TestPlatform.Extensions.BlameDataCollector.dll
C:\Program Files\dotnet\sdk\7.0.404\Extensions\Microsoft.TestPlatform.Extensions.EventLogCollector.dll
C:\Program Files\dotnet\sdk\7.0.404\Extensions\Microsoft.TestPlatform.TestHostRuntimeProvider.dll
C:\Program Files\dotnet\sdk\7.0.404\Extensions\Microsoft.VisualStudio.TestPlatform.Extensions.Html.TestLogger.dll
C:\Program Files\dotnet\sdk\7.0.404\Extensions\Microsoft.VisualStudio.TestPlatform.Extensions.Trx.TestLogger.dll
TpTrace Verbose: 0 : 13652, 5, 2023/11/16, 08:21:28.693, 30154655418, vstest.console.dll, TestPluginCache.GetExtensionPaths: Added unfilterableExtensionPaths: 
TpTrace Verbose: 0 : 13652, 5, 2023/11/16, 08:21:28.703, 30154755603, vstest.console.dll, TestRequestSender.InitializeExecution: Sending initialize execution with message: {"Version":7,"MessageType":"TestExecution.Initialize","Payload":["C:\\Development\\Interview\\KrowGala\\UnitTests\\bin\\Debug\\fine-code-coverage-net6.0\\xunit.runner.visualstudio.dotnetcore.testadapter.dll"]}
TpTrace Verbose: 0 : 13652, 5, 2023/11/16, 08:21:28.703, 30154760495, vstest.console.dll, ParallelProxyExecutionManager.StartTestRunOnConcurrentManager: Execution starting. Started clients: 1
TpTrace Verbose: 0 : 13652, 5, 2023/11/16, 08:21:28.704, 30154770614, vstest.console.dll, TestRunRequest:SendTestRunMessage: Starting.
TpTrace Verbose: 0 : 13652, 5, 2023/11/16, 08:21:28.705, 30154775671, vstest.console.dll, MulticastDelegateUtilities.SafeInvoke: TestRun.LogMessages: Invoking callback 1/1 for Microsoft.VisualStudio.TestPlatform.CommandLine.TestRunResultAggregator., took 0 ms.
TpTrace Information: 0 : 13652, 5, 2023/11/16, 08:21:28.705, 30154777044, vstest.console.dll, TestRunRequest:SendTestRunMessage: Completed.
TpTrace Verbose: 0 : 13652, 4, 2023/11/16, 08:21:28.705, 30154780392, vstest.console.dll, MulticastDelegateUtilities.SafeInvoke: InternalTestLoggerEvents.SendTestRunMessage: Invoking callback 1/1 for Microsoft.VisualStudio.TestPlatform.CommandLine.Internal.ConsoleLogger., took 0 ms.
TpTrace Warning: 0 : 13652, 5, 2023/11/16, 08:21:28.706, 30154786711, vstest.console.dll, InferRunSettingsHelper.MakeRunsettingsCompatible: Removing the following settings: TargetPlatform from RunSettings file. To use those settings please move to latest version of Microsoft.NET.Test.Sdk
TpTrace Verbose: 0 : 13652, 11, 2023/11/16, 08:21:28.709, 30154811977, vstest.console.dll, TcpClientExtensions.MessageLoopAsync: NotifyDataAvailable remoteEndPoint: 127.0.0.1:5970 localEndPoint: 127.0.0.1:5969
TpTrace Verbose: 0 : 13652, 11, 2023/11/16, 08:21:28.709, 30154819864, vstest.console.dll, TestRequestSender.OnExecutionMessageReceived: Received message: {"Version":7,"MessageType":"TestSession.Message","Payload":{"MessageLevel":0,"Message":"Logging TestHost Diagnostics in file: C:\\Development\\Interview\\KrowGala\\UnitTests\\bin\\Debug\\net6.0\\fine-code-coverage\\coverage-tool-output\\diagnostics.host.23-11-16_08-21-27_90072_5.log"}}
TpTrace Verbose: 0 : 13652, 11, 2023/11/16, 08:21:28.716, 30154886605, vstest.console.dll, TestRunRequest:SendTestRunMessage: Starting.
TpTrace Verbose: 0 : 13652, 11, 2023/11/16, 08:21:28.716, 30154890050, vstest.console.dll, MulticastDelegateUtilities.SafeInvoke: TestRun.LogMessages: Invoking callback 1/1 for Microsoft.VisualStudio.TestPlatform.CommandLine.TestRunResultAggregator., took 0 ms.
TpTrace Information: 0 : 13652, 11, 2023/11/16, 08:21:28.717, 30154891267, vstest.console.dll, TestRunRequest:SendTestRunMessage: Completed.
TpTrace Verbose: 0 : 13652, 11, 2023/11/16, 08:21:28.717, 30154892648, vstest.console.dll, MulticastDelegateUtilities.SafeInvoke: LengthPrefixCommunicationChannel: MessageReceived: Invoking callback 1/1 for Microsoft.VisualStudio.TestPlatform.CommunicationUtilities.TestRequestSender+<>c__DisplayClass34_0., took 7 ms.
TpTrace Verbose: 0 : 13652, 4, 2023/11/16, 08:21:28.717, 30154893381, vstest.console.dll, MulticastDelegateUtilities.SafeInvoke: InternalTestLoggerEvents.SendTestRunMessage: Invoking callback 1/1 for Microsoft.VisualStudio.TestPlatform.CommandLine.Internal.ConsoleLogger., took 0 ms.
TpTrace Verbose: 0 : 13652, 11, 2023/11/16, 08:21:28.717, 30154893822, vstest.console.dll, TcpClientExtensions.MessageLoopAsync: Polling on remoteEndPoint: 127.0.0.1:5970 localEndPoint: 127.0.0.1:5969
TpTrace Verbose: 0 : 13652, 5, 2023/11/16, 08:21:28.727, 30154995295, vstest.console.dll, TestRequestSender.StartTestRun: Sending test run with message: {"Version":7,"MessageType":"TestExecution.StartWithSources","Payload":{"AdapterSourceMap":{"_none_":["C:\\Development\\Interview\\KrowGala\\UnitTests\\bin\\Debug\\fine-code-coverage-net6.0\\UnitTests.dll"]},"RunSettings":"<RunSettings>\r\n  <RunConfiguration>\r\n    <ResultsDirectory>C:\\Development\\Interview\\KrowGala\\UnitTests\\bin\\Debug\\net6.0\\fine-code-coverage\\coverage-tool-output</ResultsDirectory>\r\n    <TargetFrameworkVersion>.NETCoreApp,Version=v6.0</TargetFrameworkVersion>\r\n    <DesignMode>False</DesignMode>\r\n    <CollectSourceInformation>False</CollectSourceInformation>\r\n  </RunConfiguration>\r\n  <LoggerRunSettings>\r\n    <Loggers>\r\n      <Logger friendlyName=\"blame\" enabled=\"True\" />\r\n      <Logger friendlyName=\"Console\" uri=\"logger://microsoft/TestPlatform/ConsoleLogger/v1\" assemblyQualifiedName=\"Microsoft.VisualStudio.TestPlatform.CommandLine.Internal.ConsoleLogger, vstest.console, Version=15.0.0.0, Culture=neutral, PublicKeyToken=b03f5f7f11d50a3a\" codeBase=\"C:\\Program Files\\dotnet\\sdk\\7.0.404\\vstest.console.dll\" enabled=\"True\" />\r\n    </Loggers>\r\n  </LoggerRunSettings>\r\n  <DataCollectionRunSettings>\r\n    <DataCollectors>\r\n      <DataCollector friendlyName=\"blame\" enabled=\"True\">\r\n        <Configuration>\r\n          <ResultsDirectory>C:\\Development\\Interview\\KrowGala\\UnitTests\\bin\\Debug\\net6.0\\fine-code-coverage\\coverage-tool-output</ResultsDirectory>\r\n        </Configuration>\r\n      </DataCollector>\r\n    </DataCollectors>\r\n  </DataCollectionRunSettings>\r\n</RunSettings>","TestExecutionContext":{"FrequencyOfRunStatsChangeEvent":10,"RunStatsChangeEventTimeout":"00:00:01.5000000","InIsolation":false,"KeepAlive":false,"AreTestCaseLevelEventsRequired":false,"IsDebug":false,"TestCaseFilter":null,"FilterOptions":null},"Package":null}}
TpTrace Verbose: 0 : 13652, 5, 2023/11/16, 08:21:28.727, 30154998373, vstest.console.dll, ParallelProxyExecutionManager.StartTestRunOnConcurrentManager: Execution started. Started clients: 1
TpTrace Verbose: 0 : 13652, 11, 2023/11/16, 08:21:29.145, 30159173681, vstest.console.dll, TcpClientExtensions.MessageLoopAsync: NotifyDataAvailable remoteEndPoint: 127.0.0.1:5970 localEndPoint: 127.0.0.1:5969
TpTrace Verbose: 0 : 13652, 11, 2023/11/16, 08:21:29.145, 30159176427, vstest.console.dll, TestRequestSender.OnExecutionMessageReceived: Received message: {"Version":7,"MessageType":"TestSession.Message","Payload":{"MessageLevel":0,"Message":"[xUnit.net 00:00:00.01] xUnit.net VSTest Adapter v2.4.5+1caef2f33e (64-bit .NET 6.0.25)"}}
TpTrace Verbose: 0 : 13652, 11, 2023/11/16, 08:21:29.146, 30159184009, vstest.console.dll, TestRunRequest:SendTestRunMessage: Starting.
TpTrace Verbose: 0 : 13652, 11, 2023/11/16, 08:21:29.146, 30159186343, vstest.console.dll, MulticastDelegateUtilities.SafeInvoke: TestRun.LogMessages: Invoking callback 1/1 for Microsoft.VisualStudio.TestPlatform.CommandLine.TestRunResultAggregator., took 0 ms.
TpTrace Verbose: 0 : 13652, 4, 2023/11/16, 08:21:29.146, 30159186526, vstest.console.dll, MulticastDelegateUtilities.SafeInvoke: InternalTestLoggerEvents.SendTestRunMessage: Invoking callback 1/1 for Microsoft.VisualStudio.TestPlatform.CommandLine.Internal.ConsoleLogger., took 0 ms.
TpTrace Information: 0 : 13652, 11, 2023/11/16, 08:21:29.146, 30159187506, vstest.console.dll, TestRunRequest:SendTestRunMessage: Completed.
TpTrace Verbose: 0 : 13652, 11, 2023/11/16, 08:21:29.146, 30159189499, vstest.console.dll, MulticastDelegateUtilities.SafeInvoke: LengthPrefixCommunicationChannel: MessageReceived: Invoking callback 1/1 for Microsoft.VisualStudio.TestPlatform.CommunicationUtilities.TestRequestSender+<>c__DisplayClass34_0., took 1 ms.
TpTrace Verbose: 0 : 13652, 11, 2023/11/16, 08:21:29.146, 30159190154, vstest.console.dll, TcpClientExtensions.MessageLoopAsync: Polling on remoteEndPoint: 127.0.0.1:5970 localEndPoint: 127.0.0.1:5969
TpTrace Verbose: 0 : 13652, 11, 2023/11/16, 08:21:30.159, 30169321006, vstest.console.dll, TcpClientExtensions.MessageLoopAsync: Polling on remoteEndPoint: 127.0.0.1:5970 localEndPoint: 127.0.0.1:5969
TpTrace Verbose: 0 : 13652, 11, 2023/11/16, 08:21:30.503, 30172756080, vstest.console.dll, TcpClientExtensions.MessageLoopAsync: NotifyDataAvailable remoteEndPoint: 127.0.0.1:5970 localEndPoint: 127.0.0.1:5969
TpTrace Verbose: 0 : 13652, 11, 2023/11/16, 08:21:30.503, 30172758195, vstest.console.dll, TestRequestSender.OnExecutionMessageReceived: Received message: {"Version":7,"MessageType":"TestSession.Message","Payload":{"MessageLevel":0,"Message":"[xUnit.net 00:00:01.37]   Discovering: UnitTests"}}
TpTrace Verbose: 0 : 13652, 11, 2023/11/16, 08:21:30.503, 30172761039, vstest.console.dll, TestRunRequest:SendTestRunMessage: Starting.
TpTrace Verbose: 0 : 13652, 11, 2023/11/16, 08:21:30.504, 30172762430, vstest.console.dll, MulticastDelegateUtilities.SafeInvoke: TestRun.LogMessages: Invoking callback 1/1 for Microsoft.VisualStudio.TestPlatform.CommandLine.TestRunResultAggregator., took 0 ms.
TpTrace Information: 0 : 13652, 11, 2023/11/16, 08:21:30.504, 30172763194, vstest.console.dll, TestRunRequest:SendTestRunMessage: Completed.
TpTrace Verbose: 0 : 13652, 11, 2023/11/16, 08:21:30.504, 30172763919, vstest.console.dll, MulticastDelegateUtilities.SafeInvoke: LengthPrefixCommunicationChannel: MessageReceived: Invoking callback 1/1 for Microsoft.VisualStudio.TestPlatform.CommunicationUtilities.TestRequestSender+<>c__DisplayClass34_0., took 0 ms.
TpTrace Verbose: 0 : 13652, 11, 2023/11/16, 08:21:30.504, 30172764631, vstest.console.dll, TcpClientExtensions.MessageLoopAsync: Polling on remoteEndPoint: 127.0.0.1:5970 localEndPoint: 127.0.0.1:5969
TpTrace Verbose: 0 : 13652, 4, 2023/11/16, 08:21:30.504, 30172767313, vstest.console.dll, MulticastDelegateUtilities.SafeInvoke: InternalTestLoggerEvents.SendTestRunMessage: Invoking callback 1/1 for Microsoft.VisualStudio.TestPlatform.CommandLine.Internal.ConsoleLogger., took 0 ms.
TpTrace Verbose: 0 : 13652, 11, 2023/11/16, 08:21:30.561, 30173339914, vstest.console.dll, TcpClientExtensions.MessageLoopAsync: NotifyDataAvailable remoteEndPoint: 127.0.0.1:5970 localEndPoint: 127.0.0.1:5969
TpTrace Verbose: 0 : 13652, 11, 2023/11/16, 08:21:30.562, 30173341816, vstest.console.dll, TestRequestSender.OnExecutionMessageReceived: Received message: {"Version":7,"MessageType":"TestSession.Message","Payload":{"MessageLevel":0,"Message":"[xUnit.net 00:00:01.43]   Discovered:  UnitTests"}}
TpTrace Verbose: 0 : 13652, 11, 2023/11/16, 08:21:30.562, 30173343860, vstest.console.dll, TestRunRequest:SendTestRunMessage: Starting.
TpTrace Verbose: 0 : 13652, 11, 2023/11/16, 08:21:30.562, 30173344902, vstest.console.dll, MulticastDelegateUtilities.SafeInvoke: TestRun.LogMessages: Invoking callback 1/1 for Microsoft.VisualStudio.TestPlatform.CommandLine.TestRunResultAggregator., took 0 ms.
TpTrace Information: 0 : 13652, 11, 2023/11/16, 08:21:30.562, 30173345723, vstest.console.dll, TestRunRequest:SendTestRunMessage: Completed.
TpTrace Verbose: 0 : 13652, 4, 2023/11/16, 08:21:30.562, 30173345242, vstest.console.dll, MulticastDelegateUtilities.SafeInvoke: InternalTestLoggerEvents.SendTestRunMessage: Invoking callback 1/1 for Microsoft.VisualStudio.TestPlatform.CommandLine.Internal.ConsoleLogger., took 0 ms.
TpTrace Verbose: 0 : 13652, 11, 2023/11/16, 08:21:30.562, 30173346516, vstest.console.dll, MulticastDelegateUtilities.SafeInvoke: LengthPrefixCommunicationChannel: MessageReceived: Invoking callback 1/1 for Microsoft.VisualStudio.TestPlatform.CommunicationUtilities.TestRequestSender+<>c__DisplayClass34_0., took 0 ms.
TpTrace Verbose: 0 : 13652, 11, 2023/11/16, 08:21:30.562, 30173348028, vstest.console.dll, TcpClientExtensions.MessageLoopAsync: Polling on remoteEndPoint: 127.0.0.1:5970 localEndPoint: 127.0.0.1:5969
TpTrace Verbose: 0 : 13652, 11, 2023/11/16, 08:21:30.567, 30173401006, vstest.console.dll, TcpClientExtensions.MessageLoopAsync: NotifyDataAvailable remoteEndPoint: 127.0.0.1:5970 localEndPoint: 127.0.0.1:5969
TpTrace Verbose: 0 : 13652, 11, 2023/11/16, 08:21:30.568, 30173402859, vstest.console.dll, TestRequestSender.OnExecutionMessageReceived: Received message: {"Version":7,"MessageType":"TestSession.Message","Payload":{"MessageLevel":0,"Message":"[xUnit.net 00:00:01.43]   Starting:    UnitTests"}}
TpTrace Verbose: 0 : 13652, 11, 2023/11/16, 08:21:30.568, 30173404460, vstest.console.dll, TestRunRequest:SendTestRunMessage: Starting.
TpTrace Verbose: 0 : 13652, 11, 2023/11/16, 08:21:30.568, 30173405556, vstest.console.dll, MulticastDelegateUtilities.SafeInvoke: TestRun.LogMessages: Invoking callback 1/1 for Microsoft.VisualStudio.TestPlatform.CommandLine.TestRunResultAggregator., took 0 ms.
TpTrace Verbose: 0 : 13652, 4, 2023/11/16, 08:21:30.568, 30173405938, vstest.console.dll, MulticastDelegateUtilities.SafeInvoke: InternalTestLoggerEvents.SendTestRunMessage: Invoking callback 1/1 for Microsoft.VisualStudio.TestPlatform.CommandLine.Internal.ConsoleLogger., took 0 ms.
TpTrace Information: 0 : 13652, 11, 2023/11/16, 08:21:30.568, 30173407214, vstest.console.dll, TestRunRequest:SendTestRunMessage: Completed.
TpTrace Verbose: 0 : 13652, 11, 2023/11/16, 08:21:30.568, 30173407871, vstest.console.dll, MulticastDelegateUtilities.SafeInvoke: LengthPrefixCommunicationChannel: MessageReceived: Invoking callback 1/1 for Microsoft.VisualStudio.TestPlatform.CommunicationUtilities.TestRequestSender+<>c__DisplayClass34_0., took 0 ms.
TpTrace Verbose: 0 : 13652, 11, 2023/11/16, 08:21:30.568, 30173408351, vstest.console.dll, TcpClientExtensions.MessageLoopAsync: Polling on remoteEndPoint: 127.0.0.1:5970 localEndPoint: 127.0.0.1:5969
TpTrace Verbose: 0 : 13652, 11, 2023/11/16, 08:21:30.690, 30174625442, vstest.console.dll, TcpClientExtensions.MessageLoopAsync: NotifyDataAvailable remoteEndPoint: 127.0.0.1:5970 localEndPoint: 127.0.0.1:5969
TpTrace Verbose: 0 : 13652, 11, 2023/11/16, 08:21:30.690, 30174628267, vstest.console.dll, TestRequestSender.OnExecutionMessageReceived: Received message: {"Version":7,"MessageType":"TestExecution.StatsChange","Payload":{"NewTestResults":[],"TestRunStatistics":{"ExecutedTests":0,"Stats":{}},"ActiveTests":[{"Id":"98ae61aa-4caa-677c-130f-a0d1f57726f0","FullyQualifiedName":"UnitTests.UnitTest1.create_new_entity","DisplayName":"UnitTests.UnitTest1.create_new_entity","ExecutorUri":"executor://xunit/VsTestRunner2/netcoreapp","Source":"C:\\Development\\Interview\\KrowGala\\UnitTests\\bin\\Debug\\fine-code-coverage-net6.0\\UnitTests.dll","CodeFilePath":null,"LineNumber":0,"Properties":[]}]}}
TpTrace Verbose: 0 : 13652, 11, 2023/11/16, 08:21:30.729, 30175012652, vstest.console.dll, TestRunRequest:SendTestRunStatsChange: Starting.
TpTrace Verbose: 0 : 13652, 11, 2023/11/16, 08:21:30.729, 30175017648, vstest.console.dll, InProgress is UnitTests.UnitTest1.create_new_entity
TpTrace Verbose: 0 : 13652, 11, 2023/11/16, 08:21:30.729, 30175021093, vstest.console.dll, MulticastDelegateUtilities.SafeInvoke: TestRun.RunStatsChanged: Invoking callbacks was skipped because there are no subscribers.
TpTrace Information: 0 : 13652, 11, 2023/11/16, 08:21:30.730, 30175022170, vstest.console.dll, TestRunRequest:SendTestRunStatsChange: Completed.
TpTrace Verbose: 0 : 13652, 11, 2023/11/16, 08:21:30.730, 30175023298, vstest.console.dll, MulticastDelegateUtilities.SafeInvoke: LengthPrefixCommunicationChannel: MessageReceived: Invoking callback 1/1 for Microsoft.VisualStudio.TestPlatform.CommunicationUtilities.TestRequestSender+<>c__DisplayClass34_0., took 39 ms.
TpTrace Verbose: 0 : 13652, 11, 2023/11/16, 08:21:30.730, 30175024233, vstest.console.dll, TcpClientExtensions.MessageLoopAsync: Polling on remoteEndPoint: 127.0.0.1:5970 localEndPoint: 127.0.0.1:5969
TpTrace Verbose: 0 : 13652, 11, 2023/11/16, 08:21:30.979, 30177512170, vstest.console.dll, TcpClientExtensions.MessageLoopAsync: NotifyDataAvailable remoteEndPoint: 127.0.0.1:5970 localEndPoint: 127.0.0.1:5969
TpTrace Verbose: 0 : 13652, 11, 2023/11/16, 08:21:30.979, 30177514504, vstest.console.dll, TestRequestSender.OnExecutionMessageReceived: Received message: {"Version":7,"MessageType":"TestSession.Message","Payload":{"MessageLevel":2,"Message":"[xUnit.net 00:00:01.84]     UnitTests.UnitTest1.create_new_entity [FAIL]"}}
TpTrace Verbose: 0 : 13652, 11, 2023/11/16, 08:21:30.979, 30177516704, vstest.console.dll, TestRunRequest:SendTestRunMessage: Starting.
TpTrace Verbose: 0 : 13652, 11, 2023/11/16, 08:21:30.979, 30177518179, vstest.console.dll, MulticastDelegateUtilities.SafeInvoke: TestRun.LogMessages: Invoking callback 1/1 for Microsoft.VisualStudio.TestPlatform.CommandLine.TestRunResultAggregator., took 0 ms.
TpTrace Information: 0 : 13652, 11, 2023/11/16, 08:21:30.979, 30177519046, vstest.console.dll, TestRunRequest:SendTestRunMessage: Completed.
TpTrace Verbose: 0 : 13652, 11, 2023/11/16, 08:21:30.979, 30177519971, vstest.console.dll, MulticastDelegateUtilities.SafeInvoke: LengthPrefixCommunicationChannel: MessageReceived: Invoking callback 1/1 for Microsoft.VisualStudio.TestPlatform.CommunicationUtilities.TestRequestSender+<>c__DisplayClass34_0., took 0 ms.
TpTrace Verbose: 0 : 13652, 11, 2023/11/16, 08:21:30.979, 30177521141, vstest.console.dll, TcpClientExtensions.MessageLoopAsync: Polling on remoteEndPoint: 127.0.0.1:5970 localEndPoint: 127.0.0.1:5969
TpTrace Verbose: 0 : 13652, 4, 2023/11/16, 08:21:30.980, 30177523558, vstest.console.dll, MulticastDelegateUtilities.SafeInvoke: InternalTestLoggerEvents.SendTestRunMessage: Invoking callback 1/1 for Microsoft.VisualStudio.TestPlatform.CommandLine.Internal.ConsoleLogger., took 0 ms.
TpTrace Verbose: 0 : 13652, 11, 2023/11/16, 08:21:30.982, 30177541940, vstest.console.dll, TcpClientExtensions.MessageLoopAsync: NotifyDataAvailable remoteEndPoint: 127.0.0.1:5970 localEndPoint: 127.0.0.1:5969
TpTrace Verbose: 0 : 13652, 11, 2023/11/16, 08:21:30.982, 30177544181, vstest.console.dll, TestRequestSender.OnExecutionMessageReceived: Received message: {"Version":7,"MessageType":"TestSession.Message","Payload":{"MessageLevel":0,"Message":"[xUnit.net 00:00:01.85]       Assert.IsType() Failure"}}
TpTrace Verbose: 0 : 13652, 11, 2023/11/16, 08:21:30.982, 30177546172, vstest.console.dll, TestRunRequest:SendTestRunMessage: Starting.
TpTrace Verbose: 0 : 13652, 11, 2023/11/16, 08:21:30.982, 30177547633, vstest.console.dll, MulticastDelegateUtilities.SafeInvoke: TestRun.LogMessages: Invoking callback 1/1 for Microsoft.VisualStudio.TestPlatform.CommandLine.TestRunResultAggregator., took 0 ms.
TpTrace Verbose: 0 : 13652, 4, 2023/11/16, 08:21:30.982, 30177547859, vstest.console.dll, MulticastDelegateUtilities.SafeInvoke: InternalTestLoggerEvents.SendTestRunMessage: Invoking callback 1/1 for Microsoft.VisualStudio.TestPlatform.CommandLine.Internal.ConsoleLogger., took 0 ms.
TpTrace Information: 0 : 13652, 11, 2023/11/16, 08:21:30.982, 30177549014, vstest.console.dll, TestRunRequest:SendTestRunMessage: Completed.
TpTrace Verbose: 0 : 13652, 11, 2023/11/16, 08:21:30.982, 30177550938, vstest.console.dll, MulticastDelegateUtilities.SafeInvoke: LengthPrefixCommunicationChannel: MessageReceived: Invoking callback 1/1 for Microsoft.VisualStudio.TestPlatform.CommunicationUtilities.TestRequestSender+<>c__DisplayClass34_0., took 0 ms.
TpTrace Verbose: 0 : 13652, 11, 2023/11/16, 08:21:30.983, 30177551781, vstest.console.dll, TcpClientExtensions.MessageLoopAsync: Polling on remoteEndPoint: 127.0.0.1:5970 localEndPoint: 127.0.0.1:5969
TpTrace Verbose: 0 : 13652, 11, 2023/11/16, 08:21:30.983, 30177552821, vstest.console.dll, TcpClientExtensions.MessageLoopAsync: NotifyDataAvailable remoteEndPoint: 127.0.0.1:5970 localEndPoint: 127.0.0.1:5969
TpTrace Verbose: 0 : 13652, 11, 2023/11/16, 08:21:30.983, 30177554426, vstest.console.dll, TestRequestSender.OnExecutionMessageReceived: Received message: {"Version":7,"MessageType":"TestSession.Message","Payload":{"MessageLevel":0,"Message":"[xUnit.net 00:00:01.85]       Expected: ajg_technical_interview.Models.SanctionedEntity"}}
TpTrace Verbose: 0 : 13652, 11, 2023/11/16, 08:21:30.983, 30177556387, vstest.console.dll, TestRunRequest:SendTestRunMessage: Starting.
TpTrace Verbose: 0 : 13652, 11, 2023/11/16, 08:21:30.983, 30177557919, vstest.console.dll, MulticastDelegateUtilities.SafeInvoke: TestRun.LogMessages: Invoking callback 1/1 for Microsoft.VisualStudio.TestPlatform.CommandLine.TestRunResultAggregator., took 0 ms.
TpTrace Verbose: 0 : 13652, 4, 2023/11/16, 08:21:30.983, 30177558047, vstest.console.dll, MulticastDelegateUtilities.SafeInvoke: InternalTestLoggerEvents.SendTestRunMessage: Invoking callback 1/1 for Microsoft.VisualStudio.TestPlatform.CommandLine.Internal.ConsoleLogger., took 0 ms.
TpTrace Information: 0 : 13652, 11, 2023/11/16, 08:21:30.983, 30177558978, vstest.console.dll, TestRunRequest:SendTestRunMessage: Completed.
TpTrace Verbose: 0 : 13652, 11, 2023/11/16, 08:21:30.983, 30177561027, vstest.console.dll, MulticastDelegateUtilities.SafeInvoke: LengthPrefixCommunicationChannel: MessageReceived: Invoking callback 1/1 for Microsoft.VisualStudio.TestPlatform.CommunicationUtilities.TestRequestSender+<>c__DisplayClass34_0., took 0 ms.
TpTrace Verbose: 0 : 13652, 11, 2023/11/16, 08:21:30.984, 30177562010, vstest.console.dll, TcpClientExtensions.MessageLoopAsync: Polling on remoteEndPoint: 127.0.0.1:5970 localEndPoint: 127.0.0.1:5969
TpTrace Verbose: 0 : 13652, 11, 2023/11/16, 08:21:30.984, 30177563235, vstest.console.dll, TcpClientExtensions.MessageLoopAsync: NotifyDataAvailable remoteEndPoint: 127.0.0.1:5970 localEndPoint: 127.0.0.1:5969
TpTrace Verbose: 0 : 13652, 11, 2023/11/16, 08:21:30.984, 30177564788, vstest.console.dll, TestRequestSender.OnExecutionMessageReceived: Received message: {"Version":7,"MessageType":"TestSession.Message","Payload":{"MessageLevel":0,"Message":"[xUnit.net 00:00:01.85]       Actual:   (null)"}}
TpTrace Verbose: 0 : 13652, 11, 2023/11/16, 08:21:30.984, 30177566619, vstest.console.dll, TestRunRequest:SendTestRunMessage: Starting.
TpTrace Verbose: 0 : 13652, 11, 2023/11/16, 08:21:30.984, 30177568006, vstest.console.dll, MulticastDelegateUtilities.SafeInvoke: TestRun.LogMessages: Invoking callback 1/1 for Microsoft.VisualStudio.TestPlatform.CommandLine.TestRunResultAggregator., took 0 ms.
TpTrace Verbose: 0 : 13652, 4, 2023/11/16, 08:21:30.984, 30177568228, vstest.console.dll, MulticastDelegateUtilities.SafeInvoke: InternalTestLoggerEvents.SendTestRunMessage: Invoking callback 1/1 for Microsoft.VisualStudio.TestPlatform.CommandLine.Internal.ConsoleLogger., took 0 ms.
TpTrace Information: 0 : 13652, 11, 2023/11/16, 08:21:30.984, 30177568931, vstest.console.dll, TestRunRequest:SendTestRunMessage: Completed.
TpTrace Verbose: 0 : 13652, 11, 2023/11/16, 08:21:30.984, 30177570791, vstest.console.dll, MulticastDelegateUtilities.SafeInvoke: LengthPrefixCommunicationChannel: MessageReceived: Invoking callback 1/1 for Microsoft.VisualStudio.TestPlatform.CommunicationUtilities.TestRequestSender+<>c__DisplayClass34_0., took 0 ms.
TpTrace Verbose: 0 : 13652, 11, 2023/11/16, 08:21:30.985, 30177571633, vstest.console.dll, TcpClientExtensions.MessageLoopAsync: Polling on remoteEndPoint: 127.0.0.1:5970 localEndPoint: 127.0.0.1:5969
TpTrace Verbose: 0 : 13652, 11, 2023/11/16, 08:21:30.985, 30177572613, vstest.console.dll, TcpClientExtensions.MessageLoopAsync: NotifyDataAvailable remoteEndPoint: 127.0.0.1:5970 localEndPoint: 127.0.0.1:5969
TpTrace Verbose: 0 : 13652, 11, 2023/11/16, 08:21:30.985, 30177574143, vstest.console.dll, TestRequestSender.OnExecutionMessageReceived: Received message: {"Version":7,"MessageType":"TestSession.Message","Payload":{"MessageLevel":0,"Message":"[xUnit.net 00:00:01.85]       Stack Trace:"}}
TpTrace Verbose: 0 : 13652, 11, 2023/11/16, 08:21:30.985, 30177576174, vstest.console.dll, TestRunRequest:SendTestRunMessage: Starting.
TpTrace Verbose: 0 : 13652, 11, 2023/11/16, 08:21:30.985, 30177577475, vstest.console.dll, MulticastDelegateUtilities.SafeInvoke: TestRun.LogMessages: Invoking callback 1/1 for Microsoft.VisualStudio.TestPlatform.CommandLine.TestRunResultAggregator., took 0 ms.
TpTrace Verbose: 0 : 13652, 4, 2023/11/16, 08:21:30.985, 30177577859, vstest.console.dll, MulticastDelegateUtilities.SafeInvoke: InternalTestLoggerEvents.SendTestRunMessage: Invoking callback 1/1 for Microsoft.VisualStudio.TestPlatform.CommandLine.Internal.ConsoleLogger., took 0 ms.
TpTrace Information: 0 : 13652, 11, 2023/11/16, 08:21:30.985, 30177578329, vstest.console.dll, TestRunRequest:SendTestRunMessage: Completed.
TpTrace Verbose: 0 : 13652, 11, 2023/11/16, 08:21:30.985, 30177580451, vstest.console.dll, MulticastDelegateUtilities.SafeInvoke: LengthPrefixCommunicationChannel: MessageReceived: Invoking callback 1/1 for Microsoft.VisualStudio.TestPlatform.CommunicationUtilities.TestRequestSender+<>c__DisplayClass34_0., took 0 ms.
TpTrace Verbose: 0 : 13652, 11, 2023/11/16, 08:21:30.986, 30177581347, vstest.console.dll, TcpClientExtensions.MessageLoopAsync: Polling on remoteEndPoint: 127.0.0.1:5970 localEndPoint: 127.0.0.1:5969
TpTrace Verbose: 0 : 13652, 11, 2023/11/16, 08:21:30.991, 30177633953, vstest.console.dll, TcpClientExtensions.MessageLoopAsync: NotifyDataAvailable remoteEndPoint: 127.0.0.1:5970 localEndPoint: 127.0.0.1:5969
TpTrace Verbose: 0 : 13652, 11, 2023/11/16, 08:21:30.991, 30177636370, vstest.console.dll, TestRequestSender.OnExecutionMessageReceived: Received message: {"Version":7,"MessageType":"TestSession.Message","Payload":{"MessageLevel":0,"Message":"[xUnit.net 00:00:01.85]         C:\\Development\\Interview\\KrowGala\\UnitTests\\UnitTest1.cs(55,0): at UnitTests.UnitTest1.create_new_entity()"}}
TpTrace Verbose: 0 : 13652, 11, 2023/11/16, 08:21:30.991, 30177638605, vstest.console.dll, TestRunRequest:SendTestRunMessage: Starting.
TpTrace Verbose: 0 : 13652, 11, 2023/11/16, 08:21:30.991, 30177639976, vstest.console.dll, MulticastDelegateUtilities.SafeInvoke: TestRun.LogMessages: Invoking callback 1/1 for Microsoft.VisualStudio.TestPlatform.CommandLine.TestRunResultAggregator., took 0 ms.
TpTrace Verbose: 0 : 13652, 4, 2023/11/16, 08:21:30.991, 30177640714, vstest.console.dll, MulticastDelegateUtilities.SafeInvoke: InternalTestLoggerEvents.SendTestRunMessage: Invoking callback 1/1 for Microsoft.VisualStudio.TestPlatform.CommandLine.Internal.ConsoleLogger., took 0 ms.
TpTrace Information: 0 : 13652, 11, 2023/11/16, 08:21:30.991, 30177641015, vstest.console.dll, TestRunRequest:SendTestRunMessage: Completed.
TpTrace Verbose: 0 : 13652, 11, 2023/11/16, 08:21:30.992, 30177643285, vstest.console.dll, MulticastDelegateUtilities.SafeInvoke: LengthPrefixCommunicationChannel: MessageReceived: Invoking callback 1/1 for Microsoft.VisualStudio.TestPlatform.CommunicationUtilities.TestRequestSender+<>c__DisplayClass34_0., took 0 ms.
TpTrace Verbose: 0 : 13652, 11, 2023/11/16, 08:21:30.992, 30177644185, vstest.console.dll, TcpClientExtensions.MessageLoopAsync: Polling on remoteEndPoint: 127.0.0.1:5970 localEndPoint: 127.0.0.1:5969
TpTrace Verbose: 0 : 13652, 11, 2023/11/16, 08:21:30.992, 30177645234, vstest.console.dll, TcpClientExtensions.MessageLoopAsync: NotifyDataAvailable remoteEndPoint: 127.0.0.1:5970 localEndPoint: 127.0.0.1:5969
TpTrace Verbose: 0 : 13652, 11, 2023/11/16, 08:21:30.992, 30177646826, vstest.console.dll, TestRequestSender.OnExecutionMessageReceived: Received message: {"Version":7,"MessageType":"TestSession.Message","Payload":{"MessageLevel":0,"Message":"[xUnit.net 00:00:01.86]         --- End of stack trace from previous location ---"}}
TpTrace Verbose: 0 : 13652, 11, 2023/11/16, 08:21:30.992, 30177648809, vstest.console.dll, TestRunRequest:SendTestRunMessage: Starting.
TpTrace Verbose: 0 : 13652, 11, 2023/11/16, 08:21:30.992, 30177650373, vstest.console.dll, MulticastDelegateUtilities.SafeInvoke: TestRun.LogMessages: Invoking callback 1/1 for Microsoft.VisualStudio.TestPlatform.CommandLine.TestRunResultAggregator., took 0 ms.
TpTrace Verbose: 0 : 13652, 4, 2023/11/16, 08:21:30.992, 30177650822, vstest.console.dll, MulticastDelegateUtilities.SafeInvoke: InternalTestLoggerEvents.SendTestRunMessage: Invoking callback 1/1 for Microsoft.VisualStudio.TestPlatform.CommandLine.Internal.ConsoleLogger., took 0 ms.
TpTrace Information: 0 : 13652, 11, 2023/11/16, 08:21:30.993, 30177651344, vstest.console.dll, TestRunRequest:SendTestRunMessage: Completed.
TpTrace Verbose: 0 : 13652, 11, 2023/11/16, 08:21:30.993, 30177653275, vstest.console.dll, MulticastDelegateUtilities.SafeInvoke: LengthPrefixCommunicationChannel: MessageReceived: Invoking callback 1/1 for Microsoft.VisualStudio.TestPlatform.CommunicationUtilities.TestRequestSender+<>c__DisplayClass34_0., took 0 ms.
TpTrace Verbose: 0 : 13652, 11, 2023/11/16, 08:21:30.993, 30177654061, vstest.console.dll, TcpClientExtensions.MessageLoopAsync: Polling on remoteEndPoint: 127.0.0.1:5970 localEndPoint: 127.0.0.1:5969
TpTrace Verbose: 0 : 13652, 11, 2023/11/16, 08:21:31.019, 30177913757, vstest.console.dll, TcpClientExtensions.MessageLoopAsync: NotifyDataAvailable remoteEndPoint: 127.0.0.1:5970 localEndPoint: 127.0.0.1:5969
TpTrace Verbose: 0 : 13652, 11, 2023/11/16, 08:21:31.019, 30177916300, vstest.console.dll, TestRequestSender.OnExecutionMessageReceived: Received message: {"Version":7,"MessageType":"TestSession.Message","Payload":{"MessageLevel":0,"Message":"[xUnit.net 00:00:01.88]   Finished:    UnitTests"}}
TpTrace Verbose: 0 : 13652, 11, 2023/11/16, 08:21:31.019, 30177918536, vstest.console.dll, TestRunRequest:SendTestRunMessage: Starting.
TpTrace Verbose: 0 : 13652, 11, 2023/11/16, 08:21:31.019, 30177920004, vstest.console.dll, MulticastDelegateUtilities.SafeInvoke: TestRun.LogMessages: Invoking callback 1/1 for Microsoft.VisualStudio.TestPlatform.CommandLine.TestRunResultAggregator., took 0 ms.
TpTrace Information: 0 : 13652, 11, 2023/11/16, 08:21:31.019, 30177921015, vstest.console.dll, TestRunRequest:SendTestRunMessage: Completed.
TpTrace Verbose: 0 : 13652, 11, 2023/11/16, 08:21:31.020, 30177922642, vstest.console.dll, MulticastDelegateUtilities.SafeInvoke: LengthPrefixCommunicationChannel: MessageReceived: Invoking callback 1/1 for Microsoft.VisualStudio.TestPlatform.CommunicationUtilities.TestRequestSender+<>c__DisplayClass34_0., took 0 ms.
TpTrace Verbose: 0 : 13652, 11, 2023/11/16, 08:21:31.020, 30177923561, vstest.console.dll, TcpClientExtensions.MessageLoopAsync: Polling on remoteEndPoint: 127.0.0.1:5970 localEndPoint: 127.0.0.1:5969
TpTrace Verbose: 0 : 13652, 4, 2023/11/16, 08:21:31.019, 30177921050, vstest.console.dll, MulticastDelegateUtilities.SafeInvoke: InternalTestLoggerEvents.SendTestRunMessage: Invoking callback 1/1 for Microsoft.VisualStudio.TestPlatform.CommandLine.Internal.ConsoleLogger., took 0 ms.
TpTrace Verbose: 0 : 13652, 11, 2023/11/16, 08:21:31.091, 30178636420, vstest.console.dll, TcpClientExtensions.MessageLoopAsync: NotifyDataAvailable remoteEndPoint: 127.0.0.1:5970 localEndPoint: 127.0.0.1:5969
TpTrace Verbose: 0 : 13652, 11, 2023/11/16, 08:21:31.091, 30178639476, vstest.console.dll, TestRequestSender.OnExecutionMessageReceived: Received message: {"Version":7,"MessageType":"TestExecution.Completed","Payload":{"TestRunCompleteArgs":{"TestRunStatistics":{"ExecutedTests":4,"Stats":{"Passed":3,"Failed":1}},"IsCanceled":false,"IsAborted":false,"Error":null,"AttachmentSets":[],"InvokedDataCollectors":[],"ElapsedTimeInRunningTests":"00:00:01.9156657","Metrics":{},"DiscoveredExtensions":{"TestDiscoverers":["Xunit.Runner.VisualStudio.VsTestRunner, xunit.runner.visualstudio.dotnetcore.testadapter, Version=2.4.0.0, Culture=neutral, PublicKeyToken=8d05b1bb7a6fdb6c"],"TestExecutors":["executor://xunit/VsTestRunner2/netcoreapp"],"TestExecutors2":[],"TestSettingsProviders":[]}},"LastRunTests":{"NewTestResults":[{"TestCase":{"Id":"30ced0bb-be17-547d-5247-3275c3c1cc5d","FullyQualifiedName":"UnitTests.IntegrationTests.Test1","DisplayName":"UnitTests.IntegrationTests.Test1","ExecutorUri":"executor://xunit/VsTestRunner2/netcoreapp","Source":"C:\\Development\\Interview\\KrowGala\\UnitTests\\bin\\Debug\\fine-code-coverage-net6.0\\UnitTests.dll","CodeFilePath":null,"LineNumber":0,"Properties":[]},"Attachments":[],"Outcome":1,"ErrorMessage":null,"ErrorStackTrace":null,"DisplayName":"UnitTests.IntegrationTests.Test1","Messages":[],"ComputerName":"USER-PC","Duration":"00:00:00.0052192","StartTime":"2023-11-16T08:21:30.7576845+00:00","EndTime":"2023-11-16T08:21:30.7577323+00:00","Properties":[]},{"TestCase":{"Id":"98ae61aa-4caa-677c-130f-a0d1f57726f0","FullyQualifiedName":"UnitTests.UnitTest1.create_new_entity","DisplayName":"UnitTests.UnitTest1.create_new_entity","ExecutorUri":"executor://xunit/VsTestRunner2/netcoreapp","Source":"C:\\Development\\Interview\\KrowGala\\UnitTests\\bin\\Debug\\fine-code-coverage-net6.0\\UnitTests.dll","CodeFilePath":null,"LineNumber":0,"Properties":[]},"Attachments":[],"Outcome":2,"ErrorMessage":"Assert.IsType() Failure\r\nExpected: ajg_technical_interview.Models.SanctionedEntity\r\nActual:   (null)","ErrorStackTrace":"   at UnitTests.UnitTest1.create_new_entity() in C:\\Development\\Interview\\KrowGala\\UnitTests\\UnitTest1.cs:line 55\r\n--- End of stack trace from previous location ---","DisplayName":"UnitTests.UnitTest1.create_new_entity","Messages":[],"ComputerName":"USER-PC","Duration":"00:00:00.2618106","StartTime":"2023-11-16T08:21:30.9945374+00:00","EndTime":"2023-11-16T08:21:30.9945378+00:00","Properties":[]},{"TestCase":{"Id":"8ed4d395-0068-d72d-46b8-3d2627764831","FullyQualifiedName":"UnitTests.UnitTest1.Get_return_OK","DisplayName":"UnitTests.UnitTest1.Get_return_OK","ExecutorUri":"executor://xunit/VsTestRunner2/netcoreapp","Source":"C:\\Development\\Interview\\KrowGala\\UnitTests\\bin\\Debug\\fine-code-coverage-net6.0\\UnitTests.dll","CodeFilePath":null,"LineNumber":0,"Properties":[]},"Attachments":[],"Outcome":1,"ErrorMessage":null,"ErrorStackTrace":null,"DisplayName":"UnitTests.UnitTest1.Get_return_OK","Messages":[],"ComputerName":"USER-PC","Duration":"00:00:00.0127446","StartTime":"2023-11-16T08:21:31.0022968+00:00","EndTime":"2023-11-16T08:21:31.002297+00:00","Properties":[]},{"TestCase":{"Id":"8e83316a-6d65-f529-1771-e544732d825d","FullyQualifiedName":"UnitTests.UnitTest1.Get_return_listOfEntities","DisplayName":"UnitTests.UnitTest1.Get_return_listOfEntities","ExecutorUri":"executor://xunit/VsTestRunner2/netcoreapp","Source":"C:\\Development\\Interview\\KrowGala\\UnitTests\\bin\\Debug\\fine-code-coverage-net6.0\\UnitTests.dll","CodeFilePath":null,"LineNumber":0,"Properties":[]},"Attachments":[],"Outcome":1,"ErrorMessage":null,"ErrorStackTrace":null,"DisplayName":"UnitTests.UnitTest1.Get_return_listOfEntities","Messages":[],"ComputerName":"USER-PC","Duration":"00:00:00.0039975","StartTime":"2023-11-16T08:21:31.0080131+00:00","EndTime":"2023-11-16T08:21:31.0080132+00:00","Properties":[]}],"TestRunStatistics":{"ExecutedTests":4,"Stats":{"Passed":3,"Failed":1}},"ActiveTests":[]},"RunAttachments":[],"ExecutorUris":["executor://xunit/VsTestRunner2/netcoreapp"]}}
TpTrace Verbose: 0 : 13652, 11, 2023/11/16, 08:21:31.092, 30178641904, vstest.console.dll, TestRequestSender.EndSession: Sending end session.
TpTrace Verbose: 0 : 13652, 11, 2023/11/16, 08:21:31.092, 30178645421, vstest.console.dll, ProxyOperationManager.Close: waiting for test host to exit for 100 ms
TpTrace Verbose: 0 : 13652, 7, 2023/11/16, 08:21:31.136, 30179081444, vstest.console.dll, TestHostManagerCallbacks.ctor: Experimental forwarding output is disabled.
TpTrace Warning: 0 : 13652, 7, 2023/11/16, 08:21:31.136, 30179083554, vstest.console.dll, TestHostManagerCallbacks.ErrorReceivedCallback Test host standard error line: 
TpTrace Verbose: 0 : 13652, 7, 2023/11/16, 08:21:31.177, 30179493430, vstest.console.dll, TestHostProvider.ExitCallBack: Host exited starting callback.
TpTrace Information: 0 : 13652, 7, 2023/11/16, 08:21:31.177, 30179497743, vstest.console.dll, TestHostManagerCallbacks.ExitCallBack: Testhost processId: 12456 exited with exitcode: 0 error: ''
TpTrace Verbose: 0 : 13652, 7, 2023/11/16, 08:21:31.177, 30179499042, vstest.console.dll, DotnetTestHostManager.OnHostExited: invoking OnHostExited callback
TpTrace Verbose: 0 : 13652, 7, 2023/11/16, 08:21:31.177, 30179500260, vstest.console.dll, CrossPlatEngine.TestHostManagerHostExited: calling on client process exit callback.
TpTrace Information: 0 : 13652, 11, 2023/11/16, 08:21:31.178, 30179503044, vstest.console.dll, SocketServer.Stop: Stop server endPoint: 127.0.0.1:5969
TpTrace Information: 0 : 13652, 11, 2023/11/16, 08:21:31.178, 30179503896, vstest.console.dll, SocketServer.Stop: Cancellation requested. Stopping message loop.
TpTrace Information: 0 : 13652, 11, 2023/11/16, 08:21:31.178, 30179506085, vstest.console.dll, Closing the connection
TpTrace Information: 0 : 13652, 7, 2023/11/16, 08:21:31.178, 30179508221, vstest.console.dll, TestRequestSender.OnClientProcessExit: Test host process exited. Standard error: 
TpTrace Information: 0 : 13652, 7, 2023/11/16, 08:21:31.178, 30179510132, vstest.console.dll, SocketServer.Stop: Stop server endPoint: 127.0.0.1:5969
TpTrace Information: 0 : 13652, 7, 2023/11/16, 08:21:31.179, 30179513286, vstest.console.dll, SocketServer.Stop: Cancellation requested. Stopping message loop.
TpTrace Verbose: 0 : 13652, 7, 2023/11/16, 08:21:31.179, 30179514422, vstest.console.dll, MulticastDelegateUtilities.SafeInvoke: HostProviderEvents.OnHostExited: Invoking callback 1/1 for Microsoft.VisualStudio.TestPlatform.CrossPlatEngine.Client.ProxyOperationManager., took 1 ms.
TpTrace Verbose: 0 : 13652, 11, 2023/11/16, 08:21:31.179, 30179519658, vstest.console.dll, ProxyDataCollectionManager.InvokeDataCollectionServiceAction: Starting.
TpTrace Information: 0 : 13652, 11, 2023/11/16, 08:21:31.179, 30179520951, vstest.console.dll, ProxyDataCollectionManager.AfterTestRunEnd: Get attachment set and invoked data collectors processId: 836 port: 5964
TpTrace Verbose: 0 : 13652, 11, 2023/11/16, 08:21:31.180, 30179522216, vstest.console.dll, DataCollectionRequestSender.SendAfterTestRunStartAndGetResult: Send AfterTestRunEnd message with isCancelled: False
TpTrace Verbose: 0 : 13652, 11, 2023/11/16, 08:21:31.200, 30179728315, vstest.console.dll, DataCollectionRequestSender.SendAfterTestRunStartAndGetResult: Received message: (DataCollection.AfterTestRunEndResult) -> {"MessageType":"DataCollection.AfterTestRunEndResult","Payload":{"AttachmentSets":[],"InvokedDataCollectors":[{"Uri":"datacollector://Microsoft/TestPlatform/Extensions/Blame/v1","FriendlyName":"Blame","AssemblyQualifiedName":"Microsoft.TestPlatform.Extensions.BlameDataCollector.BlameCollector, Microsoft.TestPlatform.Extensions.BlameDataCollector, Version=15.0.0.0, Culture=neutral, PublicKeyToken=b03f5f7f11d50a3a","FilePath":"C:\\Program Files\\dotnet\\sdk\\7.0.404\\Extensions\\Microsoft.TestPlatform.Extensions.BlameDataCollector.dll","HasAttachmentProcessor":false}],"Metrics":{}}}
TpTrace Warning: 0 : 13652, 10, 2023/11/16, 08:21:31.210, 30179823131, vstest.console.dll, DataCollectionLauncher.ErrorReceivedCallback datacollector standard error line: 
TpTrace Information: 0 : 13652, 11, 2023/11/16, 08:21:31.216, 30179885065, vstest.console.dll, ProxyDataCollectionManager.InvokeDataCollectionServiceAction: Completed.
TpTrace Information: 0 : 13652, 10, 2023/11/16, 08:21:31.224, 30179969712, vstest.console.dll, DataCollectionLauncher.ExitCallBack: Data collector exited with exitcode: 0 error: ''
TpTrace Verbose: 0 : 13652, 11, 2023/11/16, 08:21:31.311, 30180839510, vstest.console.dll, TestRunRequest:SendTestRunStatsChange: Starting.
TpTrace Verbose: 0 : 13652, 11, 2023/11/16, 08:21:31.312, 30180844555, vstest.console.dll, MulticastDelegateUtilities.SafeInvoke: TestRun.RunStatsChanged: Invoking callbacks was skipped because there are no subscribers.
TpTrace Information: 0 : 13652, 11, 2023/11/16, 08:21:31.312, 30180845171, vstest.console.dll, TestRunRequest:SendTestRunStatsChange: Completed.
TpTrace Verbose: 0 : 13652, 11, 2023/11/16, 08:21:31.313, 30180852302, vstest.console.dll, ParallelProxyExecutionManager: HandlePartialRunComplete: Total workloads = 1, Total started clients = 1 Total completed clients = 1, Run complete = True, Run canceled: False.
TpTrace Verbose: 0 : 13652, 11, 2023/11/16, 08:21:31.313, 30180852994, vstest.console.dll, ParallelProxyExecutionManager: HandlePartialRunComplete: All runs completed stopping all managers.
TpTrace Verbose: 0 : 13652, 11, 2023/11/16, 08:21:31.313, 30180853578, vstest.console.dll, ParallelOperationManager.StopAllManagers: Stopping all managers.
TpTrace Verbose: 0 : 13652, 11, 2023/11/16, 08:21:31.313, 30180854131, vstest.console.dll, ParallelOperationManager.ClearSlots: Clearing all slots. Slots should accept more work: False
TpTrace Verbose: 0 : 13652, 11, 2023/11/16, 08:21:31.313, 30180854827, vstest.console.dll, ParallelOperationManager.SetOccupiedSlotCount: Setting slot counts AvailableSlotCount = 1, OccupiedSlotCount = 0.
TpTrace Verbose: 0 : 13652, 11, 2023/11/16, 08:21:31.313, 30180855906, vstest.console.dll, Occupied slots:

TpTrace Verbose: 0 : 13652, 4, 2023/11/16, 08:21:31.315, 30180873056, vstest.console.dll, MulticastDelegateUtilities.SafeInvoke: InternalTestLoggerEvents.SendTestResult: Invoking callback 1/1 for Microsoft.VisualStudio.TestPlatform.CommandLine.Internal.ConsoleLogger., took 2 ms.
TpTrace Verbose: 0 : 13652, 4, 2023/11/16, 08:21:31.317, 30180894442, vstest.console.dll, MulticastDelegateUtilities.SafeInvoke: InternalTestLoggerEvents.SendTestResult: Invoking callback 1/1 for Microsoft.VisualStudio.TestPlatform.CommandLine.Internal.ConsoleLogger., took 2 ms.
TpTrace Verbose: 0 : 13652, 4, 2023/11/16, 08:21:31.317, 30180896381, vstest.console.dll, MulticastDelegateUtilities.SafeInvoke: InternalTestLoggerEvents.SendTestResult: Invoking callback 1/1 for Microsoft.VisualStudio.TestPlatform.CommandLine.Internal.ConsoleLogger., took 0 ms.
TpTrace Verbose: 0 : 13652, 4, 2023/11/16, 08:21:31.317, 30180897310, vstest.console.dll, MulticastDelegateUtilities.SafeInvoke: InternalTestLoggerEvents.SendTestResult: Invoking callback 1/1 for Microsoft.VisualStudio.TestPlatform.CommandLine.Internal.ConsoleLogger., took 0 ms.
TpTrace Verbose: 0 : 13652, 4, 2023/11/16, 08:21:31.332, 30181042920, vstest.console.dll, MulticastDelegateUtilities.SafeInvoke: InternalTestLoggerEvents.SendTestRunComplete: Invoking callback 1/2 for Microsoft.TestPlatform.Extensions.BlameDataCollector.BlameLogger., took 0 ms.
TpTrace Verbose: 0 : 13652, 4, 2023/11/16, 08:21:31.342, 30181141496, vstest.console.dll, MulticastDelegateUtilities.SafeInvoke: InternalTestLoggerEvents.SendTestRunComplete: Invoking callback 2/2 for Microsoft.VisualStudio.TestPlatform.CommandLine.Internal.ConsoleLogger., took 9 ms.
TpTrace Verbose: 0 : 13652, 11, 2023/11/16, 08:21:31.342, 30181147514, vstest.console.dll, TestRunRequest:TestRunComplete: Starting. IsAborted:False IsCanceled:False.
TpTrace Verbose: 0 : 13652, 11, 2023/11/16, 08:21:31.342, 30181149869, vstest.console.dll, ParallelOperationManager.DoActionOnAllManagers: Calling an action on all managers.
TpTrace Verbose: 0 : 13652, 11, 2023/11/16, 08:21:31.344, 30181166006, vstest.console.dll, TestLoggerManager.HandleTestRunComplete: Ignoring as the object is disposed.
TpTrace Verbose: 0 : 13652, 11, 2023/11/16, 08:21:31.344, 30181169565, vstest.console.dll, MulticastDelegateUtilities.SafeInvoke: TestRun.TestRunComplete: Invoking callback 1/2 for Microsoft.VisualStudio.TestPlatform.CommandLine.TestRunResultAggregator., took 0 ms.
TpTrace Verbose: 0 : 13652, 11, 2023/11/16, 08:21:31.345, 30181171913, vstest.console.dll, MulticastDelegateUtilities.SafeInvoke: TestRun.TestRunComplete: Invoking callback 2/2 for Microsoft.VisualStudio.TestPlatform.CommandLine.Processors.RunTestsArgumentExecutor+TestRunRequestEventsRegistrar., took 0 ms.
TpTrace Information: 0 : 13652, 11, 2023/11/16, 08:21:31.345, 30181173521, vstest.console.dll, TestRunRequest:TestRunComplete: Completed.
TpTrace Verbose: 0 : 13652, 11, 2023/11/16, 08:21:31.345, 30181174149, vstest.console.dll, TestRequestSender.SetOperationComplete: Setting operation complete.
TpTrace Information: 0 : 13652, 11, 2023/11/16, 08:21:31.345, 30181174623, vstest.console.dll, SocketServer.Stop: Stop server endPoint: 127.0.0.1:5969
TpTrace Verbose: 0 : 13652, 1, 2023/11/16, 08:21:31.345, 30181174675, vstest.console.dll, TestRunRequest.Dispose: Starting.
TpTrace Information: 0 : 13652, 11, 2023/11/16, 08:21:31.345, 30181175081, vstest.console.dll, SocketServer.Stop: Cancellation requested. Stopping message loop.
TpTrace Information: 0 : 13652, 1, 2023/11/16, 08:21:31.345, 30181176023, vstest.console.dll, TestRunRequest.Dispose: Completed.
TpTrace Verbose: 0 : 13652, 11, 2023/11/16, 08:21:31.345, 30181176803, vstest.console.dll, MulticastDelegateUtilities.SafeInvoke: LengthPrefixCommunicationChannel: MessageReceived: Invoking callback 1/1 for Microsoft.VisualStudio.TestPlatform.CommunicationUtilities.TestRequestSender+<>c__DisplayClass34_0., took 253 ms.
TpTrace Information: 0 : 13652, 1, 2023/11/16, 08:21:31.345, 30181176831, vstest.console.dll, TestRequestManager.RunTests: run tests completed.
TpTrace Information: 0 : 13652, 11, 2023/11/16, 08:21:31.345, 30181177458, vstest.console.dll, SocketServer.PrivateStop: Stopping server endPoint: 127.0.0.1:5969 error: 
TpTrace Information: 0 : 13652, 1, 2023/11/16, 08:21:31.345, 30181179170, vstest.console.dll, RunTestsArgumentProcessor:Execute: Test run is completed.
TpTrace Verbose: 0 : 13652, 1, 2023/11/16, 08:21:31.346, 30181182106, vstest.console.dll, Executor.Execute: Exiting with exit code of 1
TpTrace Verbose: 0 : 13652, 11, 2023/11/16, 08:21:31.346, 30181187087, vstest.console.dll, LengthPrefixCommunicationChannel.Dispose: Dispose reader and writer.
TpTrace Information: 0 : 13652, 11, 2023/11/16, 08:21:31.346, 30181189105, vstest.console.dll, SocketServer.Stop: Raise disconnected event endPoint: 127.0.0.1:5969 error: 
